.:
total 52
-rw-rw-r-- 1 hong hong   43 12월  6 15:41 animation.code-workspace
-rw-rw-r-- 1 hong hong    0 12월  6 15:43 A.out
drwxrwxr-x 2 hong hong 4096 12월  6 15:41 bvh
-rw-rw-r-- 1 hong hong  923 12월  6 15:41 CMakeLists.txt
drwxrwxr-x 5 hong hong 4096 12월  6 15:41 common
drwxrwxr-x 6 hong hong 4096 12월  6 15:41 external
drwxrwxr-x 2 hong hong 4096 12월  6 15:41 finalproject
drwxrwxr-x 7 hong hong 4096 12월  6 15:41 gamedev-bvh-loader-article
drwxrwxr-x 2 hong hong 4096 12월  6 15:41 IK
drwxrwxr-x 5 hong hong 4096 12월  6 15:41 Include
drwxrwxr-x 2 hong hong 4096 12월  6 15:41 modelloader
drwxrwxr-x 2 hong hong 4096 12월  6 15:41 motion
drwxrwxr-x 7 hong hong 4096 12월  6 15:41 obj
drwxrwxr-x 2 hong hong 4096 12월  6 15:41 .vscode

./bvh:
total 21808
-rw-rw-r-- 1 hong hong   45847 12월  6 15:41 16_01_jump.bvh
-rw-rw-r-- 1 hong hong   65388 12월  6 15:41 16_02_jump.bvh
-rw-rw-r-- 1 hong hong   57425 12월  6 15:41 16_03_high jump.bvh
-rw-rw-r-- 1 hong hong   53644 12월  6 15:41 16_04_high jump.bvh
-rw-rw-r-- 1 hong hong   41806 12월  6 15:41 16_05_forward jump.bvh
-rw-rw-r-- 1 hong hong   56879 12월  6 15:41 16_06_forward jump.bvh
-rw-rw-r-- 1 hong hong   59611 12월  6 15:41 16_07_forward jump.bvh
-rw-rw-r-- 1 hong hong   34190 12월  6 15:41 16_08_run&jog, sudden stop.bvh
-rw-rw-r-- 1 hong hong   69183 12월  6 15:41 16_09_forward jump.bvh
-rw-rw-r-- 1 hong hong   64802 12월  6 15:41 16_10_forward jump.bvh
-rw-rw-r-- 1 hong hong   74586 12월  6 15:41 16_11_walk, veer left.bvh
-rw-rw-r-- 1 hong hong   62086 12월  6 15:41 16_12_walk, veer left.bvh
-rw-rw-r-- 1 hong hong   63040 12월  6 15:41 16_13_walk, veer right.bvh
-rw-rw-r-- 1 hong hong   67100 12월  6 15:41 16_14_walk, veer right.bvh
-rw-rw-r-- 1 hong hong   65224 12월  6 15:41 16_15_walk.bvh
-rw-rw-r-- 1 hong hong   70935 12월  6 15:41 16_16_walk.bvh
-rw-rw-r-- 1 hong hong   72867 12월  6 15:41 16_17_walk, 90-degree left turn.bvh
-rw-rw-r-- 1 hong hong   73195 12월  6 15:41 16_18_walk, 90-degree left turn.bvh
-rw-rw-r-- 1 hong hong   58006 12월  6 15:41 16_19_walk, 90-degree right turn.bvh
-rw-rw-r-- 1 hong hong   70208 12월  6 15:41 16_20_walk, 90-degree right turn.bvh
-rw-rw-r-- 1 hong hong   44639 12월  6 15:41 16_21_walk.bvh
-rw-rw-r-- 1 hong hong   43527 12월  6 15:41 16_22_walk.bvh
-rw-rw-r-- 1 hong hong   42560 12월  6 15:41 16_23_walk, veer left.bvh
-rw-rw-r-- 1 hong hong   42535 12월  6 15:41 16_24_walk, veer left.bvh
-rw-rw-r-- 1 hong hong   41238 12월  6 15:41 16_25_walk, veer right.bvh
-rw-rw-r-- 1 hong hong   38659 12월  6 15:41 16_26_walk, veer right.bvh
-rw-rw-r-- 1 hong hong   35076 12월  6 15:41 16_27_walk, 90-degree left turn.bvh
-rw-rw-r-- 1 hong hong   39036 12월  6 15:41 16_28_walk, 90-degree left turn.bvh
-rw-rw-r-- 1 hong hong   40594 12월  6 15:41 16_29_walk, 90-degree right turn.bvh
-rw-rw-r-- 1 hong hong   38688 12월  6 15:41 16_30_walk, 90-degree right turn.bvh
-rw-rw-r-- 1 hong hong   59347 12월  6 15:41 16_31_walk.bvh
-rw-rw-r-- 1 hong hong   80936 12월  6 15:41 16_32_walk.bvh
-rw-rw-r-- 1 hong hong   40931 12월  6 15:41 16_33_slow walk, stop.bvh
-rw-rw-r-- 1 hong hong   49098 12월  6 15:41 16_34_slow walk, stop.bvh
-rw-rw-r-- 1 hong hong   23719 12월  6 15:41 16_35_run&jog.bvh
-rw-rw-r-- 1 hong hong   27524 12월  6 15:41 16_36_run&jog.bvh
-rw-rw-r-- 1 hong hong   27218 12월  6 15:41 16_37_run&jog, veer left.bvh
-rw-rw-r-- 1 hong hong   25034 12월  6 15:41 16_38_run&jog, veer left.bvh
-rw-rw-r-- 1 hong hong   21938 12월  6 15:41 16_39_run&jog, veer right.bvh
-rw-rw-r-- 1 hong hong   28377 12월  6 15:41 16_40_run&jog, veer right.bvh
-rw-rw-r-- 1 hong hong   24142 12월  6 15:41 16_41_run&jog, 90-degree left turn.bvh
-rw-rw-r-- 1 hong hong   30017 12월  6 15:41 16_42_run&jog, 90-degree left turn.bvh
-rw-rw-r-- 1 hong hong   30408 12월  6 15:41 16_43_run&jog, 90-degree right turn.bvh
-rw-rw-r-- 1 hong hong   31306 12월  6 15:41 16_44_run&jog, 90-degree right turn.bvh
-rw-rw-r-- 1 hong hong   20131 12월  6 15:41 16_45_run&jog.bvh
-rw-rw-r-- 1 hong hong   20700 12월  6 15:41 16_46_run&jog.bvh
-rw-rw-r-- 1 hong hong   59020 12월  6 15:41 16_47_walk.bvh
-rw-rw-r-- 1 hong hong   19744 12월  6 15:41 16_48_run, veer left.bvh
-rw-rw-r-- 1 hong hong   19319 12월  6 15:41 16_49_run, veer right.bvh
-rw-rw-r-- 1 hong hong   19919 12월  6 15:41 16_50_run, veer right.bvh
-rw-rw-r-- 1 hong hong   26145 12월  6 15:41 16_51_run, 90-degree left turn.bvh
-rw-rw-r-- 1 hong hong   25478 12월  6 15:41 16_52_run, 90-degree left turn.bvh
-rw-rw-r-- 1 hong hong   21467 12월  6 15:41 16_53_run, 90-degree right turn.bvh
-rw-rw-r-- 1 hong hong   20971 12월  6 15:41 16_54_run, 90-degree right turn.bvh
-rw-rw-r-- 1 hong hong   26608 12월  6 15:41 16_55_run.bvh
-rw-rw-r-- 1 hong hong   25157 12월  6 15:41 16_56_run&jog.bvh
-rw-rw-r-- 1 hong hong   38665 12월  6 15:41 16_57_run&jog, sudden stop.bvh
-rw-rw-r-- 1 hong hong   48552 12월  6 15:41 16_58_walk.bvh
-rw-rw-r-- 1 hong hong 1018806 12월  6 15:41 tpose2.bvh
-rw-rw-r-- 1 hong hong  481630 12월  6 15:41 Trial001.bvh
-rw-rw-r-- 1 hong hong  431906 12월  6 15:41 Trial002.bvh
-rw-rw-r-- 1 hong hong  330444 12월  6 15:41 Trial004.bvh
-rw-rw-r-- 1 hong hong  140043 12월  6 15:41 Trial005.bvh
-rw-rw-r-- 1 hong hong  325467 12월  6 15:41 Trial006.bvh
-rw-rw-r-- 1 hong hong  437985 12월  6 15:41 Trial007.bvh
-rw-rw-r-- 1 hong hong  400420 12월  6 15:41 Trial008.bvh
-rw-rw-r-- 1 hong hong  178330 12월  6 15:41 Trial009.bvh
-rw-rw-r-- 1 hong hong  129462 12월  6 15:41 Trial010.bvh
-rw-rw-r-- 1 hong hong  127673 12월  6 15:41 Trial011.bvh
-rw-rw-r-- 1 hong hong  151372 12월  6 15:41 Trial012.bvh
-rw-rw-r-- 1 hong hong  303766 12월  6 15:41 Trial013.bvh
-rw-rw-r-- 1 hong hong  183447 12월  6 15:41 Trial014.bvh
-rw-rw-r-- 1 hong hong  182557 12월  6 15:41 Trial015.bvh
-rw-rw-r-- 1 hong hong  139572 12월  6 15:41 Trial016.bvh
-rw-rw-r-- 1 hong hong  204647 12월  6 15:41 Trial017.bvh
-rw-rw-r-- 1 hong hong  153127 12월  6 15:41 Trial018.bvh
-rw-rw-r-- 1 hong hong  163087 12월  6 15:41 Trial020.bvh
-rw-rw-r-- 1 hong hong  169599 12월  6 15:41 Trial021.bvh
-rw-rw-r-- 1 hong hong  153829 12월  6 15:41 Trial022.bvh
-rw-rw-r-- 1 hong hong  200894 12월  6 15:41 Trial023.bvh
-rw-rw-r-- 1 hong hong  120204 12월  6 15:41 Trial024.bvh
-rw-rw-r-- 1 hong hong  791594 12월  6 15:41 walk_fast_stright.bvh
-rw-rw-r-- 1 hong hong  998676 12월  6 15:41 walk_normal_left_135.bvh
-rw-rw-r-- 1 hong hong 1349533 12월  6 15:41 walk_normal_left_180.bvh
-rw-rw-r-- 1 hong hong  897155 12월  6 15:41 walk_normal_left_45.bvh
-rw-rw-r-- 1 hong hong  694175 12월  6 15:41 walk_normal_left_90.bvh
-rw-rw-r-- 1 hong hong  651317 12월  6 15:41 walk_normal_right_135.bvh
-rw-rw-r-- 1 hong hong 1258714 12월  6 15:41 walk_normal_right_180.bvh
-rw-rw-r-- 1 hong hong  572257 12월  6 15:41 walk_normal_right_45_1.bvh
-rw-rw-r-- 1 hong hong  571514 12월  6 15:41 walk_normal_right_45.bvh
-rw-rw-r-- 1 hong hong  931347 12월  6 15:41 walk_normal_right_90.bvh
-rw-rw-r-- 1 hong hong  761527 12월  6 15:41 walk_normal_stright.bvh
-rw-rw-r-- 1 hong hong  990163 12월  6 15:41 walk_normal_style_1.bvh
-rw-rw-r-- 1 hong hong  763501 12월  6 15:41 walk_normal_style_2.bvh
-rw-rw-r-- 1 hong hong  752149 12월  6 15:41 walk_normal_style_3.bvh
-rw-rw-r-- 1 hong hong  928125 12월  6 15:41 walk_normal_style_4.bvh
-rw-rw-r-- 1 hong hong  576183 12월  6 15:41 walk_slow_stright.bvh

./common:
total 404
-rw-rw-r-- 1 hong hong   5288 12월  6 15:41 bvh.cpp
-rw-rw-r-- 1 hong hong   1734 12월  6 15:41 bvh.h
-rw-rw-r-- 1 hong hong   4385 12월  6 15:41 camera.h
-rw-rw-r-- 1 hong hong   5403 12월  6 15:41 controls.cpp
-rw-rw-r-- 1 hong hong    451 12월  6 15:41 controls.hpp
drwxrwxr-x 3 hong hong   4096 12월  6 15:41 Eigen
drwxrwxr-x 2 hong hong   4096 12월  6 15:41 glad
drwxrwxr-x 2 hong hong   4096 12월  6 15:41 KHR
-rw-rw-r-- 1 hong hong   4598 12월  6 15:41 mesh.h
-rw-rw-r-- 1 hong hong   9802 12월  6 15:41 model.h
-rw-rw-r-- 1 hong hong   5887 12월  6 15:41 objloader.cpp
-rw-rw-r-- 1 hong hong    406 12월  6 15:41 objloader.hpp
-rw-rw-r-- 1 hong hong   4268 12월  6 15:41 quaternion_utils.cpp
-rw-rw-r-- 1 hong hong    248 12월  6 15:41 quaternion_utils.hpp
-rw-rw-r-- 1 hong hong   3447 12월  6 15:41 shader.cpp
-rw-rw-r-- 1 hong hong   7516 12월  6 15:41 shader.h
-rw-rw-r-- 1 hong hong    136 12월  6 15:41 shader.hpp
-rw-rw-r-- 1 hong hong 263611 12월  6 15:41 stb_image.h
-rw-rw-r-- 1 hong hong   1791 12월  6 15:41 tangentspace.cpp
-rw-rw-r-- 1 hong hong    300 12월  6 15:41 tangentspace.hpp
-rw-rw-r-- 1 hong hong   3632 12월  6 15:41 text2D.cpp
-rw-rw-r-- 1 hong hong    179 12월  6 15:41 text2D.hpp
-rw-rw-r-- 1 hong hong   6723 12월  6 15:41 texture.cpp
-rw-rw-r-- 1 hong hong    503 12월  6 15:41 texture.hpp
-rw-rw-r-- 1 hong hong   5346 12월  6 15:41 vboindexer.cpp
-rw-rw-r-- 1 hong hong    826 12월  6 15:41 vboindexer.hpp

./common/Eigen:
total 140
-rw-r--r--  1 hong hong  1206 12월  6 15:41 Cholesky
-rw-r--r--  1 hong hong  1900 12월  6 15:41 CholmodSupport
-rw-r--r--  1 hong hong   694 12월  6 15:41 CMakeLists.txt
-rw-r--r--  1 hong hong 17961 12월  6 15:41 Core
-rw-r--r--  1 hong hong   122 12월  6 15:41 Dense
-rw-r--r--  1 hong hong    35 12월  6 15:41 Eigen
-rw-r--r--  1 hong hong  1822 12월  6 15:41 Eigenvalues
-rw-r--r--  1 hong hong  2050 12월  6 15:41 Geometry
-rw-r--r--  1 hong hong   874 12월  6 15:41 Householder
-rw-r--r--  1 hong hong  2083 12월  6 15:41 IterativeLinearSolvers
-rw-r--r--  1 hong hong   939 12월  6 15:41 Jacobi
-rw-r--r--  1 hong hong  1433 12월  6 15:41 LU
-rw-r--r--  1 hong hong   991 12월  6 15:41 MetisSupport
-rw-r--r--  1 hong hong  2483 12월  6 15:41 OrderingMethods
-rwxr-xr-x  1 hong hong  1116 12월  6 15:41 PardisoSupport
-rw-r--r--  1 hong hong  1676 12월  6 15:41 PaStiXSupport
-rw-r--r--  1 hong hong  1317 12월  6 15:41 QR
-rw-r--r--  1 hong hong   945 12월  6 15:41 QtAlignedMalloc
-rw-r--r--  1 hong hong   919 12월  6 15:41 Sparse
-rw-r--r--  1 hong hong  1371 12월  6 15:41 SparseCholesky
-rw-r--r--  1 hong hong  2240 12월  6 15:41 SparseCore
-rw-r--r--  1 hong hong  1713 12월  6 15:41 SparseLU
-rw-r--r--  1 hong hong  1222 12월  6 15:41 SparseQR
-rw-r--r--  1 hong hong  1162 12월  6 15:41 SPQRSupport
drwxrwxr-x 27 hong hong  4096 12월  6 15:41 src
-rw-r--r--  1 hong hong   797 12월  6 15:41 StdDeque
-rw-r--r--  1 hong hong   726 12월  6 15:41 StdList
-rw-r--r--  1 hong hong   803 12월  6 15:41 StdVector
-rw-r--r--  1 hong hong  2243 12월  6 15:41 SuperLUSupport
-rw-r--r--  1 hong hong  1629 12월  6 15:41 SVD
-rw-r--r--  1 hong hong  1382 12월  6 15:41 UmfPackSupport

./common/Eigen/src:
total 100
drwxrwxr-x 2 hong hong 4096 12월  6 15:41 Cholesky
drwxrwxr-x 2 hong hong 4096 12월  6 15:41 CholmodSupport
drwxrwxr-x 6 hong hong 4096 12월  6 15:41 Core
drwxrwxr-x 2 hong hong 4096 12월  6 15:41 Eigenvalues
drwxrwxr-x 3 hong hong 4096 12월  6 15:41 Geometry
drwxrwxr-x 2 hong hong 4096 12월  6 15:41 Householder
drwxrwxr-x 2 hong hong 4096 12월  6 15:41 IterativeLinearSolvers
drwxrwxr-x 2 hong hong 4096 12월  6 15:41 Jacobi
drwxrwxr-x 3 hong hong 4096 12월  6 15:41 LU
drwxrwxr-x 2 hong hong 4096 12월  6 15:41 MetisSupport
drwxrwxr-x 2 hong hong 4096 12월  6 15:41 misc
drwxrwxr-x 2 hong hong 4096 12월  6 15:41 OrderingMethods
drwxrwxr-x 2 hong hong 4096 12월  6 15:41 PardisoSupport
drwxrwxr-x 2 hong hong 4096 12월  6 15:41 PaStiXSupport
drwxrwxr-x 2 hong hong 4096 12월  6 15:41 plugins
drwxrwxr-x 2 hong hong 4096 12월  6 15:41 QR
drwxrwxr-x 2 hong hong 4096 12월  6 15:41 SparseCholesky
drwxrwxr-x 2 hong hong 4096 12월  6 15:41 SparseCore
drwxrwxr-x 2 hong hong 4096 12월  6 15:41 SparseLU
drwxrwxr-x 2 hong hong 4096 12월  6 15:41 SparseQR
drwxrwxr-x 2 hong hong 4096 12월  6 15:41 SPQRSupport
drwxrwxr-x 2 hong hong 4096 12월  6 15:41 StlSupport
drwxrwxr-x 2 hong hong 4096 12월  6 15:41 SuperLUSupport
drwxrwxr-x 2 hong hong 4096 12월  6 15:41 SVD
drwxrwxr-x 2 hong hong 4096 12월  6 15:41 UmfPackSupport

./common/Eigen/src/Cholesky:
total 48
-rw-r--r-- 1 hong hong 24480 12월  6 15:41 LDLT.h
-rw-r--r-- 1 hong hong 18395 12월  6 15:41 LLT.h
-rw-r--r-- 1 hong hong  3974 12월  6 15:41 LLT_LAPACKE.h

./common/Eigen/src/CholmodSupport:
total 24
-rw-r--r-- 1 hong hong 22307 12월  6 15:41 CholmodSupport.h

./common/Eigen/src/Core:
total 1032
drwxrwxr-x 10 hong hong  4096 12월  6 15:41 arch
-rw-r--r--  1 hong hong  8179 12월  6 15:41 ArrayBase.h
-rw-r--r--  1 hong hong 12115 12월  6 15:41 Array.h
-rw-r--r--  1 hong hong  6775 12월  6 15:41 ArrayWrapper.h
-rw-r--r--  1 hong hong 38153 12월  6 15:41 AssignEvaluator.h
-rw-r--r--  1 hong hong  2720 12월  6 15:41 Assign.h
-rwxr-xr-x  1 hong hong 12479 12월  6 15:41 Assign_MKL.h
-rw-r--r--  1 hong hong 13910 12월  6 15:41 BandMatrix.h
-rw-r--r--  1 hong hong 18064 12월  6 15:41 Block.h
-rw-r--r--  1 hong hong  4249 12월  6 15:41 BooleanRedux.h
-rw-r--r--  1 hong hong  5689 12월  6 15:41 CommaInitializer.h
-rw-r--r--  1 hong hong  6990 12월  6 15:41 ConditionEstimator.h
-rw-r--r--  1 hong hong 62197 12월  6 15:41 CoreEvaluators.h
-rw-r--r--  1 hong hong  4525 12월  6 15:41 CoreIterators.h
-rw-r--r--  1 hong hong  7593 12월  6 15:41 CwiseBinaryOp.h
-rw-r--r--  1 hong hong 31424 12월  6 15:41 CwiseNullaryOp.h
-rw-r--r--  1 hong hong  8256 12월  6 15:41 CwiseTernaryOp.h
-rw-r--r--  1 hong hong  3877 12월  6 15:41 CwiseUnaryOp.h
-rw-r--r--  1 hong hong  5282 12월  6 15:41 CwiseUnaryView.h
-rw-r--r--  1 hong hong 27420 12월  6 15:41 DenseBase.h
-rw-r--r--  1 hong hong 24212 12월  6 15:41 DenseCoeffsBase.h
-rw-r--r--  1 hong hong 21959 12월  6 15:41 DenseStorage.h
-rw-r--r--  1 hong hong  9597 12월  6 15:41 Diagonal.h
-rw-r--r--  1 hong hong 12666 12월  6 15:41 DiagonalMatrix.h
-rw-r--r--  1 hong hong   970 12월  6 15:41 DiagonalProduct.h
-rw-r--r--  1 hong hong 11507 12월  6 15:41 Dot.h
-rw-r--r--  1 hong hong  5619 12월  6 15:41 EigenBase.h
-rw-r--r--  1 hong hong  4769 12월  6 15:41 ForceAlignedAccess.h
drwxrwxr-x  2 hong hong  4096 12월  6 15:41 functors
-rw-r--r--  1 hong hong  5705 12월  6 15:41 Fuzzy.h
-rw-r--r--  1 hong hong 21123 12월  6 15:41 GeneralProduct.h
-rw-r--r--  1 hong hong 22185 12월  6 15:41 GenericPacketMath.h
-rw-r--r--  1 hong hong 10222 12월  6 15:41 GlobalFunctions.h
-rw-r--r--  1 hong hong  3519 12월  6 15:41 Inverse.h
-rw-r--r--  1 hong hong  7076 12월  6 15:41 IO.h
-rw-r--r--  1 hong hong 10991 12월  6 15:41 MapBase.h
-rw-r--r--  1 hong hong  7239 12월  6 15:41 Map.h
-rw-r--r--  1 hong hong 40865 12월  6 15:41 MathFunctions.h
-rw-r--r--  1 hong hong  3369 12월  6 15:41 MathFunctionsImpl.h
-rw-r--r--  1 hong hong 23213 12월  6 15:41 MatrixBase.h
-rw-r--r--  1 hong hong 19067 12월  6 15:41 Matrix.h
-rw-r--r--  1 hong hong  3400 12월  6 15:41 NestByValue.h
-rw-r--r--  1 hong hong  3582 12월  6 15:41 NoAlias.h
-rw-r--r--  1 hong hong  9234 12월  6 15:41 NumTraits.h
-rw-r--r--  1 hong hong 21646 12월  6 15:41 PermutationMatrix.h
-rw-r--r--  1 hong hong 45180 12월  6 15:41 PlainObjectBase.h
-rw-r--r--  1 hong hong 49497 12월  6 15:41 ProductEvaluators.h
-rw-r--r--  1 hong hong  7235 12월  6 15:41 Product.h
drwxrwxr-x  2 hong hong  4096 12월  6 15:41 products
-rw-r--r--  1 hong hong  6379 12월  6 15:41 Random.h
-rw-r--r--  1 hong hong 17852 12월  6 15:41 Redux.h
-rw-r--r--  1 hong hong 12800 12월  6 15:41 Ref.h
-rw-r--r--  1 hong hong  5595 12월  6 15:41 Replicate.h
-rw-r--r--  1 hong hong  4200 12월  6 15:41 ReturnByValue.h
-rw-r--r--  1 hong hong  7073 12월  6 15:41 Reverse.h
-rw-r--r--  1 hong hong  6020 12월  6 15:41 Select.h
-rw-r--r--  1 hong hong 14245 12월  6 15:41 SelfAdjointView.h
-rw-r--r--  1 hong hong  1697 12월  6 15:41 SelfCwiseBinaryOp.h
-rw-r--r--  1 hong hong  6795 12월  6 15:41 Solve.h
-rw-r--r--  1 hong hong  4365 12월  6 15:41 SolverBase.h
-rw-r--r--  1 hong hong  9136 12월  6 15:41 SolveTriangular.h
-rw-r--r--  1 hong hong  7692 12월  6 15:41 StableNorm.h
-rw-r--r--  1 hong hong  3865 12월  6 15:41 Stride.h
-rw-r--r--  1 hong hong  2683 12월  6 15:41 Swap.h
-rw-r--r--  1 hong hong 14777 12월  6 15:41 Transpose.h
-rw-r--r--  1 hong hong 14386 12월  6 15:41 Transpositions.h
-rw-r--r--  1 hong hong 37234 12월  6 15:41 TriangularMatrix.h
drwxrwxr-x  2 hong hong  4096 12월  6 15:41 util
-rw-r--r--  1 hong hong  3462 12월  6 15:41 VectorBlock.h
-rw-r--r--  1 hong hong 29441 12월  6 15:41 VectorwiseOp.h
-rw-r--r--  1 hong hong  8074 12월  6 15:41 Visitor.h

./common/Eigen/src/Core/arch:
total 32
drwxrwxr-x 2 hong hong 4096 12월  6 15:41 AltiVec
drwxrwxr-x 2 hong hong 4096 12월  6 15:41 AVX
drwxrwxr-x 2 hong hong 4096 12월  6 15:41 AVX512
drwxrwxr-x 2 hong hong 4096 12월  6 15:41 CUDA
drwxrwxr-x 2 hong hong 4096 12월  6 15:41 Default
drwxrwxr-x 2 hong hong 4096 12월  6 15:41 NEON
drwxrwxr-x 2 hong hong 4096 12월  6 15:41 SSE
drwxrwxr-x 2 hong hong 4096 12월  6 15:41 ZVector

./common/Eigen/src/Core/arch/AltiVec:
total 72
-rw-r--r-- 1 hong hong 16443 12월  6 15:41 Complex.h
-rw-r--r-- 1 hong hong 10797 12월  6 15:41 MathFunctions.h
-rwxr-xr-x 1 hong hong 37671 12월  6 15:41 PacketMath.h

./common/Eigen/src/Core/arch/AVX:
total 72
-rw-r--r-- 1 hong hong 18037 12월  6 15:41 Complex.h
-rw-r--r-- 1 hong hong 17776 12월  6 15:41 MathFunctions.h
-rw-r--r-- 1 hong hong 27841 12월  6 15:41 PacketMath.h
-rw-r--r-- 1 hong hong  1194 12월  6 15:41 TypeCasting.h

./common/Eigen/src/Core/arch/AVX512:
total 68
-rw-r--r-- 1 hong hong 15733 12월  6 15:41 MathFunctions.h
-rw-r--r-- 1 hong hong 50985 12월  6 15:41 PacketMath.h

./common/Eigen/src/Core/arch/CUDA:
total 92
-rw-r--r-- 1 hong hong  4240 12월  6 15:41 Complex.h
-rw-r--r-- 1 hong hong 23528 12월  6 15:41 Half.h
-rw-r--r-- 1 hong hong  2387 12월  6 15:41 MathFunctions.h
-rw-r--r-- 1 hong hong 10744 12월  6 15:41 PacketMath.h
-rw-r--r-- 1 hong hong 35538 12월  6 15:41 PacketMathHalf.h
-rw-r--r-- 1 hong hong  5509 12월  6 15:41 TypeCasting.h

./common/Eigen/src/Core/arch/Default:
total 8
-rw-r--r-- 1 hong hong 1989 12월  6 15:41 ConjHelper.h
-rw-r--r-- 1 hong hong 1746 12월  6 15:41 Settings.h

./common/Eigen/src/Core/arch/NEON:
total 56
-rw-r--r-- 1 hong hong 17706 12월  6 15:41 Complex.h
-rw-r--r-- 1 hong hong  2846 12월  6 15:41 MathFunctions.h
-rw-r--r-- 1 hong hong 28726 12월  6 15:41 PacketMath.h

./common/Eigen/src/Core/arch/SSE:
total 80
-rw-r--r-- 1 hong hong 19426 12월  6 15:41 Complex.h
-rw-r--r-- 1 hong hong 18888 12월  6 15:41 MathFunctions.h
-rwxr-xr-x 1 hong hong 35843 12월  6 15:41 PacketMath.h
-rw-r--r-- 1 hong hong  1759 12월  6 15:41 TypeCasting.h

./common/Eigen/src/Core/arch/ZVector:
total 56
-rw-r--r-- 1 hong hong 15366 12월  6 15:41 Complex.h
-rw-r--r-- 1 hong hong  4418 12월  6 15:41 MathFunctions.h
-rwxr-xr-x 1 hong hong 32283 12월  6 15:41 PacketMath.h

./common/Eigen/src/Core/functors:
total 80
-rw-r--r-- 1 hong hong  6284 12월  6 15:41 AssignmentFunctors.h
-rw-r--r-- 1 hong hong 18263 12월  6 15:41 BinaryFunctors.h
-rw-r--r-- 1 hong hong  8229 12월  6 15:41 NullaryFunctors.h
-rw-r--r-- 1 hong hong  4400 12월  6 15:41 StlFunctors.h
-rw-r--r-- 1 hong hong   607 12월  6 15:41 TernaryFunctors.h
-rw-r--r-- 1 hong hong 27944 12월  6 15:41 UnaryFunctors.h

./common/Eigen/src/Core/products:
total 336
-rw-r--r-- 1 hong hong 81534 12월  6 15:41 GeneralBlockPanelKernel.h
-rw-r--r-- 1 hong hong  5017 12월  6 15:41 GeneralMatrixMatrix_BLAS.h
-rw-r--r-- 1 hong hong 18478 12월  6 15:41 GeneralMatrixMatrix.h
-rw-r--r-- 1 hong hong  6907 12월  6 15:41 GeneralMatrixMatrixTriangular_BLAS.h
-rw-r--r-- 1 hong hong 15188 12월  6 15:41 GeneralMatrixMatrixTriangular.h
-rw-r--r-- 1 hong hong  6368 12월  6 15:41 GeneralMatrixVector_BLAS.h
-rw-r--r-- 1 hong hong 26808 12월  6 15:41 GeneralMatrixVector.h
-rw-r--r-- 1 hong hong  4905 12월  6 15:41 Parallelizer.h
-rw-r--r-- 1 hong hong 11198 12월  6 15:41 SelfadjointMatrixMatrix_BLAS.h
-rw-r--r-- 1 hong hong 19632 12월  6 15:41 SelfadjointMatrixMatrix.h
-rw-r--r-- 1 hong hong  5209 12월  6 15:41 SelfadjointMatrixVector_BLAS.h
-rw-r--r-- 1 hong hong  9901 12월  6 15:41 SelfadjointMatrixVector.h
-rw-r--r-- 1 hong hong  6105 12월  6 15:41 SelfadjointProduct.h
-rw-r--r-- 1 hong hong  4066 12월  6 15:41 SelfadjointRank2Update.h
-rw-r--r-- 1 hong hong 13743 12월  6 15:41 TriangularMatrixMatrix_BLAS.h
-rw-r--r-- 1 hong hong 20403 12월  6 15:41 TriangularMatrixMatrix.h
-rw-r--r-- 1 hong hong 10571 12월  6 15:41 TriangularMatrixVector_BLAS.h
-rw-r--r-- 1 hong hong 14722 12월  6 15:41 TriangularMatrixVector.h
-rw-r--r-- 1 hong hong  6513 12월  6 15:41 TriangularSolverMatrix_BLAS.h
-rw-r--r-- 1 hong hong 13979 12월  6 15:41 TriangularSolverMatrix.h
-rw-r--r-- 1 hong hong  5741 12월  6 15:41 TriangularSolverVector.h

./common/Eigen/src/Core/util:
total 220
-rwxr-xr-x 1 hong hong 15722 12월  6 15:41 BlasUtil.h
-rw-r--r-- 1 hong hong 21579 12월  6 15:41 Constants.h
-rwxr-xr-x 1 hong hong  3981 12월  6 15:41 DisableStupidWarnings.h
-rw-r--r-- 1 hong hong 14150 12월  6 15:41 ForwardDeclarations.h
-rw-r--r-- 1 hong hong 36570 12월  6 15:41 Macros.h
-rw-r--r-- 1 hong hong 40579 12월  6 15:41 Memory.h
-rwxr-xr-x 1 hong hong 20586 12월  6 15:41 Meta.h
-rwxr-xr-x 1 hong hong  4026 12월  6 15:41 MKL_support.h
-rw-r--r-- 1 hong hong    85 12월  6 15:41 NonMPL2.h
-rw-r--r-- 1 hong hong   856 12월  6 15:41 ReenableStupidWarnings.h
-rw-r--r-- 1 hong hong 10518 12월  6 15:41 StaticAssert.h
-rw-r--r-- 1 hong hong 34198 12월  6 15:41 XprHelper.h

./common/Eigen/src/Eigenvalues:
total 240
-rw-r--r-- 1 hong hong 12558 12월  6 15:41 ComplexEigenSolver.h
-rw-r--r-- 1 hong hong 17021 12월  6 15:41 ComplexSchur.h
-rw-r--r-- 1 hong hong  4178 12월  6 15:41 ComplexSchur_LAPACKE.h
-rw-r--r-- 1 hong hong 22944 12월  6 15:41 EigenSolver.h
-rw-r--r-- 1 hong hong 17176 12월  6 15:41 GeneralizedEigenSolver.h
-rw-r--r-- 1 hong hong  9715 12월  6 15:41 GeneralizedSelfAdjointEigenSolver.h
-rw-r--r-- 1 hong hong 14351 12월  6 15:41 HessenbergDecomposition.h
-rw-r--r-- 1 hong hong  5539 12월  6 15:41 MatrixBaseEigenvalues.h
-rw-r--r-- 1 hong hong 23586 12월  6 15:41 RealQZ.h
-rw-r--r-- 1 hong hong 20288 12월  6 15:41 RealSchur.h
-rw-r--r-- 1 hong hong  3650 12월  6 15:41 RealSchur_LAPACKE.h
-rw-r--r-- 1 hong hong 33674 12월  6 15:41 SelfAdjointEigenSolver.h
-rw-r--r-- 1 hong hong  4104 12월  6 15:41 SelfAdjointEigenSolver_LAPACKE.h
-rw-r--r-- 1 hong hong 22444 12월  6 15:41 Tridiagonalization.h

./common/Eigen/src/Geometry:
total 228
-rw-r--r-- 1 hong hong 14815 12월  6 15:41 AlignedBox.h
-rw-r--r-- 1 hong hong  8423 12월  6 15:41 AngleAxis.h
drwxrwxr-x 2 hong hong  4096 12월  6 15:41 arch
-rw-r--r-- 1 hong hong  3639 12월  6 15:41 EulerAngles.h
-rw-r--r-- 1 hong hong 20539 12월  6 15:41 Homogeneous.h
-rw-r--r-- 1 hong hong 11961 12월  6 15:41 Hyperplane.h
-rw-r--r-- 1 hong hong  8949 12월  6 15:41 OrthoMethods.h
-rw-r--r-- 1 hong hong  8308 12월  6 15:41 ParametrizedLine.h
-rw-r--r-- 1 hong hong 32152 12월  6 15:41 Quaternion.h
-rw-r--r-- 1 hong hong  6877 12월  6 15:41 Rotation2D.h
-rw-r--r-- 1 hong hong  8063 12월  6 15:41 RotationBase.h
-rwxr-xr-x 1 hong hong  6324 12월  6 15:41 Scaling.h
-rw-r--r-- 1 hong hong 60514 12월  6 15:41 Transform.h
-rw-r--r-- 1 hong hong  7773 12월  6 15:41 Translation.h
-rw-r--r-- 1 hong hong  6191 12월  6 15:41 Umeyama.h

./common/Eigen/src/Geometry/arch:
total 8
-rw-r--r-- 1 hong hong 5387 12월  6 15:41 Geometry_SSE.h

./common/Eigen/src/Householder:
total 40
-rw-r--r-- 1 hong hong  4481 12월  6 15:41 BlockHouseholder.h
-rw-r--r-- 1 hong hong  5345 12월  6 15:41 Householder.h
-rw-r--r-- 1 hong hong 20603 12월  6 15:41 HouseholderSequence.h

./common/Eigen/src/IterativeLinearSolvers:
total 88
-rw-r--r-- 1 hong hong  6755 12월  6 15:41 BasicPreconditioners.h
-rw-r--r-- 1 hong hong  7253 12월  6 15:41 BiCGSTAB.h
-rw-r--r-- 1 hong hong  9289 12월  6 15:41 ConjugateGradient.h
-rw-r--r-- 1 hong hong 15062 12월  6 15:41 IncompleteCholesky.h
-rw-r--r-- 1 hong hong 15234 12월  6 15:41 IncompleteLUT.h
-rw-r--r-- 1 hong hong 11527 12월  6 15:41 IterativeSolverBase.h
-rw-r--r-- 1 hong hong  7762 12월  6 15:41 LeastSquareConjugateGradient.h
-rw-r--r-- 1 hong hong  4158 12월  6 15:41 SolveWithGuess.h

./common/Eigen/src/Jacobi:
total 16
-rw-r--r-- 1 hong hong 15902 12월  6 15:41 Jacobi.h

./common/Eigen/src/LU:
total 88
drwxrwxr-x 2 hong hong  4096 12월  6 15:41 arch
-rw-r--r-- 1 hong hong  3057 12월  6 15:41 Determinant.h
-rw-r--r-- 1 hong hong 32803 12월  6 15:41 FullPivLU.h
-rw-r--r-- 1 hong hong 15064 12월  6 15:41 InverseImpl.h
-rw-r--r-- 1 hong hong 21478 12월  6 15:41 PartialPivLU.h
-rw-r--r-- 1 hong hong  3555 12월  6 15:41 PartialPivLU_LAPACKE.h

./common/Eigen/src/LU/arch:
total 16
-rw-r--r-- 1 hong hong 13669 12월  6 15:41 Inverse_SSE.h

./common/Eigen/src/MetisSupport:
total 8
-rw-r--r-- 1 hong hong 4588 12월  6 15:41 MetisSupport.h

./common/Eigen/src/misc:
total 1092
-rw-r--r-- 1 hong hong   30560 12월  6 15:41 blas.h
-rw-r--r-- 1 hong hong    2913 12월  6 15:41 Image.h
-rw-r--r-- 1 hong hong    2742 12월  6 15:41 Kernel.h
-rwxr-xr-x 1 hong hong 1058368 12월  6 15:41 lapacke.h
-rw-r--r-- 1 hong hong     474 12월  6 15:41 lapacke_mangling.h
-rw-r--r-- 1 hong hong    7834 12월  6 15:41 lapack.h
-rw-r--r-- 1 hong hong    1748 12월  6 15:41 RealSvd2x2.h

./common/Eigen/src/OrderingMethods:
total 92
-rw-r--r-- 1 hong hong 16396 12월  6 15:41 Amd.h
-rw-r--r-- 1 hong hong 62266 12월  6 15:41 Eigen_Colamd.h
-rw-r--r-- 1 hong hong  5229 12월  6 15:41 Ordering.h

./common/Eigen/src/PardisoSupport:
total 20
-rw-r--r-- 1 hong hong 20032 12월  6 15:41 PardisoSupport.h

./common/Eigen/src/PaStiXSupport:
total 24
-rw-r--r-- 1 hong hong 22248 12월  6 15:41 PaStiXSupport.h

./common/Eigen/src/plugins:
total 104
-rw-r--r-- 1 hong hong 13132 12월  6 15:41 ArrayCwiseBinaryOps.h
-rw-r--r-- 1 hong hong 16929 12월  6 15:41 ArrayCwiseUnaryOps.h
-rw-r--r-- 1 hong hong 37403 12월  6 15:41 BlockMethods.h
-rw-r--r-- 1 hong hong  4828 12월  6 15:41 CommonCwiseBinaryOps.h
-rw-r--r-- 1 hong hong  5621 12월  6 15:41 CommonCwiseUnaryOps.h
-rw-r--r-- 1 hong hong  6375 12월  6 15:41 MatrixCwiseBinaryOps.h
-rw-r--r-- 1 hong hong  2937 12월  6 15:41 MatrixCwiseUnaryOps.h

./common/Eigen/src/QR:
total 108
-rw-r--r-- 1 hong hong 24881 12월  6 15:41 ColPivHouseholderQR.h
-rw-r--r-- 1 hong hong  4662 12월  6 15:41 ColPivHouseholderQR_LAPACKE.h
-rw-r--r-- 1 hong hong 20805 12월  6 15:41 CompleteOrthogonalDecomposition.h
-rw-r--r-- 1 hong hong 25478 12월  6 15:41 FullPivHouseholderQR.h
-rw-r--r-- 1 hong hong 14022 12월  6 15:41 HouseholderQR.h
-rw-r--r-- 1 hong hong  2993 12월  6 15:41 HouseholderQR_LAPACKE.h

./common/Eigen/src/SparseCholesky:
total 32
-rw-r--r-- 1 hong hong 24010 12월  6 15:41 SimplicialCholesky.h
-rw-r--r-- 1 hong hong  6898 12월  6 15:41 SimplicialCholesky_impl.h

./common/Eigen/src/SparseCore:
total 396
-rw-r--r-- 1 hong hong 10537 12월  6 15:41 AmbiVector.h
-rw-r--r-- 1 hong hong  8164 12월  6 15:41 CompressedStorage.h
-rw-r--r-- 1 hong hong 13178 12월  6 15:41 ConservativeSparseSparseProduct.h
-rw-r--r-- 1 hong hong  2191 12월  6 15:41 MappedSparseMatrix.h
-rw-r--r-- 1 hong hong  8080 12월  6 15:41 SparseAssign.h
-rw-r--r-- 1 hong hong 25592 12월  6 15:41 SparseBlock.h
-rw-r--r-- 1 hong hong  6485 12월  6 15:41 SparseColEtree.h
-rw-r--r-- 1 hong hong 12720 12월  6 15:41 SparseCompressedBase.h
-rw-r--r-- 1 hong hong 25840 12월  6 15:41 SparseCwiseBinaryOp.h
-rw-r--r-- 1 hong hong  4711 12월  6 15:41 SparseCwiseUnaryOp.h
-rw-r--r-- 1 hong hong 12487 12월  6 15:41 SparseDenseProduct.h
-rw-r--r-- 1 hong hong  5808 12월  6 15:41 SparseDiagonalProduct.h
-rw-r--r-- 1 hong hong  3080 12월  6 15:41 SparseDot.h
-rw-r--r-- 1 hong hong  1107 12월  6 15:41 SparseFuzzy.h
-rw-r--r-- 1 hong hong 12589 12월  6 15:41 SparseMap.h
-rw-r--r-- 1 hong hong 17923 12월  6 15:41 SparseMatrixBase.h
-rw-r--r-- 1 hong hong 52373 12월  6 15:41 SparseMatrix.h
-rw-r--r-- 1 hong hong  7329 12월  6 15:41 SparsePermutation.h
-rw-r--r-- 1 hong hong  7049 12월  6 15:41 SparseProduct.h
-rw-r--r-- 1 hong hong  1699 12월  6 15:41 SparseRedux.h
-rw-r--r-- 1 hong hong 15492 12월  6 15:41 SparseRef.h
-rw-r--r-- 1 hong hong 25715 12월  6 15:41 SparseSelfAdjointView.h
-rw-r--r-- 1 hong hong  4424 12월  6 15:41 SparseSolverBase.h
-rw-r--r-- 1 hong hong  8704 12월  6 15:41 SparseSparseProductWithPruning.h
-rw-r--r-- 1 hong hong  3175 12월  6 15:41 SparseTranspose.h
-rw-r--r-- 1 hong hong  6437 12월  6 15:41 SparseTriangularView.h
-rw-r--r-- 1 hong hong  6602 12월  6 15:41 SparseUtil.h
-rw-r--r-- 1 hong hong 14831 12월  6 15:41 SparseVector.h
-rw-r--r-- 1 hong hong  8110 12월  6 15:41 SparseView.h
-rw-r--r-- 1 hong hong  9657 12월  6 15:41 TriangularSolver.h

./common/Eigen/src/SparseLU:
total 160
-rw-r--r-- 1 hong hong  6712 12월  6 15:41 SparseLU_column_bmod.h
-rw-r--r-- 1 hong hong  6582 12월  6 15:41 SparseLU_column_dfs.h
-rw-r--r-- 1 hong hong  3681 12월  6 15:41 SparseLU_copy_to_ucol.h
-rw-r--r-- 1 hong hong 10216 12월  6 15:41 SparseLU_gemm_kernel.h
-rw-r--r-- 1 hong hong 27866 12월  6 15:41 SparseLU.h
-rw-r--r-- 1 hong hong  4181 12월  6 15:41 SparseLU_heap_relax_snode.h
-rw-r--r-- 1 hong hong  4303 12월  6 15:41 SparseLUImpl.h
-rw-r--r-- 1 hong hong  5723 12월  6 15:41 SparseLU_kernel_bmod.h
-rw-r--r-- 1 hong hong  7601 12월  6 15:41 SparseLU_Memory.h
-rw-r--r-- 1 hong hong  8486 12월  6 15:41 SparseLU_panel_bmod.h
-rw-r--r-- 1 hong hong  9028 12월  6 15:41 SparseLU_panel_dfs.h
-rw-r--r-- 1 hong hong  4979 12월  6 15:41 SparseLU_pivotL.h
-rw-r--r-- 1 hong hong  4545 12월  6 15:41 SparseLU_pruneL.h
-rw-r--r-- 1 hong hong  2889 12월  6 15:41 SparseLU_relax_snode.h
-rw-r--r-- 1 hong hong  4974 12월  6 15:41 SparseLU_Structs.h
-rw-r--r-- 1 hong hong 10022 12월  6 15:41 SparseLU_SupernodalMatrix.h
-rw-r--r-- 1 hong hong  2049 12월  6 15:41 SparseLU_Utils.h

./common/Eigen/src/SparseQR:
total 28
-rw-r--r-- 1 hong hong 28373 12월  6 15:41 SparseQR.h

./common/Eigen/src/SPQRSupport:
total 12
-rw-r--r-- 1 hong hong 11405 12월  6 15:41 SuiteSparseQRSupport.h

./common/Eigen/src/StlSupport:
total 28
-rw-r--r-- 1 hong hong 2809 12월  6 15:41 details.h
-rw-r--r-- 1 hong hong 5117 12월  6 15:41 StdDeque.h
-rw-r--r-- 1 hong hong 4147 12월  6 15:41 StdList.h
-rw-r--r-- 1 hong hong 5330 12월  6 15:41 StdVector.h

./common/Eigen/src/SuperLUSupport:
total 36
-rw-r--r-- 1 hong hong 34345 12월  6 15:41 SuperLUSupport.h

./common/Eigen/src/SVD:
total 124
-rw-r--r-- 1 hong hong 48778 12월  6 15:41 BDCSVD.h
-rw-r--r-- 1 hong hong 32949 12월  6 15:41 JacobiSVD.h
-rw-r--r-- 1 hong hong  5099 12월  6 15:41 JacobiSVD_LAPACKE.h
-rw-r--r-- 1 hong hong 12740 12월  6 15:41 SVDBase.h
-rw-r--r-- 1 hong hong 15957 12월  6 15:41 UpperBidiagonalization.h

./common/Eigen/src/UmfPackSupport:
total 20
-rw-r--r-- 1 hong hong 17202 12월  6 15:41 UmfPackSupport.h

./common/glad:
total 280
-rw-r--r-- 1 hong hong  99885 12월  6 15:41 glad.c
-rw-r--r-- 1 hong hong 180834 12월  6 15:41 glad.h

./common/KHR:
total 12
-rw-r--r-- 1 hong hong 10277 12월  6 15:41 khrplatform.h

./external:
total 20
drwxrwxr-x 2 hong hong 4096 12월  6 15:41 assimp-5.0.0
-rw-rw-r-- 1 hong hong  899 12월  6 15:41 CMakeLists.txt
drwxrwxr-x 2 hong hong 4096 12월  6 15:41 glew-1.13.0
drwxrwxr-x 2 hong hong 4096 12월  6 15:42 glfw-3.1.2
drwxrwxr-x 2 hong hong 4096 12월  6 15:42 glm-0.9.7.1

./external/assimp-5.0.0:
total 4
-rw-rw-r-- 1 hong hong 413 12월  6 15:41 .editorconfig

./external/glew-1.13.0:
total 0

./external/glfw-3.1.2:
total 0

./external/glm-0.9.7.1:
total 4
-rw-rw-r-- 1 hong hong 471 12월  6 15:41 .gitignore

./finalproject:
total 20
-rw-rw-r-- 1 hong hong   313 12월  6 15:41 fs.fs
-rw-rw-r-- 1 hong hong 11796 12월  6 15:41 main.cpp
-rw-rw-r-- 1 hong hong   305 12월  6 15:41 vs.vs

./gamedev-bvh-loader-article:
total 56
drwxrwxr-x 8 hong hong  4096 12월  6 15:41 data
drwxrwxr-x 8 hong hong  4096 12월  6 15:41 .git
-rw-rw-r-- 1 hong hong    35 12월  6 15:41 .gitignore
-rw-rw-r-- 1 hong hong   301 12월  6 15:41 .gitmodules
drwxrwxr-x 6 hong hong  4096 12월  6 15:41 lib
-rw-rw-r-- 1 hong hong   598 12월  6 15:41 Libraries.md
-rw-rw-r-- 1 hong hong 18027 12월  6 15:41 LICENSE
drwxrwxr-x 5 hong hong  4096 12월  6 15:41 projects
-rw-rw-r-- 1 hong hong  2686 12월  6 15:41 README.md
drwxrwxr-x 4 hong hong  4096 12월  6 15:41 src

./gamedev-bvh-loader-article/data:
total 96
drwxrwxr-x 2 hong hong  4096 12월  6 15:41 bvh
-rw-rw-r-- 1 hong hong   192 12월  6 15:41 data.pro
drwxrwxr-x 2 hong hong  4096 12월  6 15:41 fonts
drwxrwxr-x 2 hong hong  4096 12월  6 15:41 images
drwxrwxr-x 2 hong hong  4096 12월  6 15:41 objects
drwxrwxr-x 2 hong hong  4096 12월  6 15:41 scripts
drwxrwxr-x 3 hong hong  4096 12월  6 15:41 shaders
-rw-rw-r-- 1 hong hong 69010 12월  6 15:41 test.jpg

./gamedev-bvh-loader-article/data/bvh:
total 3956
-rw-rw-r-- 1 hong hong 4043075 12월  6 15:41 0008_ChaCha001.bvh
-rw-rw-r-- 1 hong hong     731 12월  6 15:41 example3.bvh

./gamedev-bvh-loader-article/data/fonts:
total 336
-rw-rw-r-- 1 hong hong 45088 12월  6 15:41 ObelixPro.ttf
-rw-rw-r-- 1 hong hong  5954 12월  6 15:41 VERA-COPYRIGHT
-rw-rw-r-- 1 hong hong 49052 12월  6 15:41 VeraMoBd.ttf
-rw-rw-r-- 1 hong hong 55032 12월  6 15:41 VeraMoBI.ttf
-rw-rw-r-- 1 hong hong 54508 12월  6 15:41 VeraMoIt.ttf
-rw-rw-r-- 1 hong hong 49224 12월  6 15:41 VeraMono.ttf
-rw-rw-r-- 1 hong hong 65932 12월  6 15:41 Vera.ttf

./gamedev-bvh-loader-article/data/images:
total 344
-rw-rw-r-- 1 hong hong   2461 12월  6 15:41 texture2.jpg
-rw-rw-r-- 1 hong hong 345369 12월  6 15:41 texture.jpg

./gamedev-bvh-loader-article/data/objects:
total 44
-rw-rw-r-- 1 hong hong 3045 12월  6 15:41 cube2.kmd
-rw-rw-r-- 1 hong hong  646 12월  6 15:41 cube.kmd
-rw-rw-r-- 1 hong hong 2548 12월  6 15:41 cube.obj
-rw-rw-r-- 1 hong hong 2944 12월  6 15:41 Example1.bvh
-rw-rw-r-- 1 hong hong  611 12월  6 15:41 output.kmd
-rw-rw-r-- 1 hong hong  680 12월  6 15:41 output.kmd.bin
-rw-rw-r-- 1 hong hong 2698 12월  6 15:41 test3.kmd
-rw-rw-r-- 1 hong hong  160 12월  6 15:41 test.oct
-rw-rw-r-- 1 hong hong  529 12월  6 15:41 text2.kmd
-rw-rw-r-- 1 hong hong  175 12월  6 15:41 text.kmd
-rw-rw-r-- 1 hong hong    0 12월  6 15:41 wicked.kmd
-rw-rw-r-- 1 hong hong  406 12월  6 15:41 wicked.obj

./gamedev-bvh-loader-article/data/scripts:
total 8
-rw-rw-r-- 1 hong hong  112 12월  6 15:41 cairo1.py
-rw-rw-r-- 1 hong hong 1130 12월  6 15:41 script1.py

./gamedev-bvh-loader-article/data/shaders:
total 28
drwxrwxr-x 2 hong hong 4096 12월  6 15:41 freetype
-rw-rw-r-- 1 hong hong  162 12월  6 15:41 gui.frag
-rw-rw-r-- 1 hong hong  213 12월  6 15:41 gui.vert
-rw-rw-r-- 1 hong hong    0 12월  6 15:41 lambert.vert
-rw-rw-r-- 1 hong hong   81 12월  6 15:41 shader1.frag
-rw-rw-r-- 1 hong hong  161 12월  6 15:41 shader1.vert
-rw-rw-r-- 1 hong hong  358 12월  6 15:41 shader2.frag
-rw-rw-r-- 1 hong hong  796 12월  6 15:41 shader2.vert

./gamedev-bvh-loader-article/data/shaders/freetype:
total 56
-rw-rw-r-- 1 hong hong 1970 12월  6 15:41 cube.frag
-rw-rw-r-- 1 hong hong 2235 12월  6 15:41 cube.vert
-rw-rw-r-- 1 hong hong 2205 12월  6 15:41 distance-field-2.frag
-rw-rw-r-- 1 hong hong 2267 12월  6 15:41 distance-field-2.vert
-rw-rw-r-- 1 hong hong 2197 12월  6 15:41 distance-field-3.frag
-rw-rw-r-- 1 hong hong 3214 12월  6 15:41 distance-field.frag
-rw-rw-r-- 1 hong hong 2083 12월  6 15:41 distance-field.vert
-rw-rw-r-- 1 hong hong 5024 12월  6 15:41 text.frag
-rw-rw-r-- 1 hong hong 2401 12월  6 15:41 text.vert
-rw-rw-r-- 1 hong hong 1970 12월  6 15:41 v3f-c4f.frag
-rw-rw-r-- 1 hong hong 2140 12월  6 15:41 v3f-c4f.vert
-rw-rw-r-- 1 hong hong 2076 12월  6 15:41 v3f-t2f-c4f.frag
-rw-rw-r-- 1 hong hong 2215 12월  6 15:41 v3f-t2f-c4f.vert

./gamedev-bvh-loader-article/.git:
total 52
drwxrwxr-x 2 hong hong  4096 12월  6 15:41 branches
-rw-rw-r-- 1 hong hong   281 12월  6 15:41 config
-rw-rw-r-- 1 hong hong    73 12월  6 15:41 description
-rw-rw-r-- 1 hong hong    23 12월  6 15:41 HEAD
drwxrwxr-x 2 hong hong  4096 12월  6 15:41 hooks
-rw-rw-r-- 1 hong hong 10850 12월  6 15:41 index
drwxrwxr-x 2 hong hong  4096 12월  6 15:41 info
drwxrwxr-x 3 hong hong  4096 12월  6 15:41 logs
drwxrwxr-x 4 hong hong  4096 12월  6 15:41 objects
-rw-rw-r-- 1 hong hong   107 12월  6 15:41 packed-refs
drwxrwxr-x 5 hong hong  4096 12월  6 15:41 refs

./gamedev-bvh-loader-article/.git/branches:
total 0

./gamedev-bvh-loader-article/.git/hooks:
total 40
-rwxrwxr-x 1 hong hong  478 12월  6 15:41 applypatch-msg.sample
-rwxrwxr-x 1 hong hong  896 12월  6 15:41 commit-msg.sample
-rwxrwxr-x 1 hong hong  189 12월  6 15:41 post-update.sample
-rwxrwxr-x 1 hong hong  424 12월  6 15:41 pre-applypatch.sample
-rwxrwxr-x 1 hong hong 1642 12월  6 15:41 pre-commit.sample
-rwxrwxr-x 1 hong hong 1239 12월  6 15:41 prepare-commit-msg.sample
-rwxrwxr-x 1 hong hong 1348 12월  6 15:41 pre-push.sample
-rwxrwxr-x 1 hong hong 4898 12월  6 15:41 pre-rebase.sample
-rwxrwxr-x 1 hong hong 3610 12월  6 15:41 update.sample

./gamedev-bvh-loader-article/.git/info:
total 4
-rw-rw-r-- 1 hong hong 240 12월  6 15:41 exclude

./gamedev-bvh-loader-article/.git/logs:
total 8
-rw-rw-r-- 1 hong hong  192 12월  6 15:41 HEAD
drwxrwxr-x 4 hong hong 4096 12월  6 15:41 refs

./gamedev-bvh-loader-article/.git/logs/refs:
total 8
drwxrwxr-x 2 hong hong 4096 12월  6 15:41 heads
drwxrwxr-x 3 hong hong 4096 12월  6 15:41 remotes

./gamedev-bvh-loader-article/.git/logs/refs/heads:
total 4
-rw-rw-r-- 1 hong hong 192 12월  6 15:41 master

./gamedev-bvh-loader-article/.git/logs/refs/remotes:
total 4
drwxrwxr-x 2 hong hong 4096 12월  6 15:41 origin

./gamedev-bvh-loader-article/.git/logs/refs/remotes/origin:
total 4
-rw-rw-r-- 1 hong hong 192 12월  6 15:41 HEAD

./gamedev-bvh-loader-article/.git/objects:
total 8
drwxrwxr-x 2 hong hong 4096 12월  6 15:41 info
drwxrwxr-x 2 hong hong 4096 12월  6 15:41 pack

./gamedev-bvh-loader-article/.git/objects/info:
total 0

./gamedev-bvh-loader-article/.git/objects/pack:
total 4176
-r--r--r-- 1 hong hong   13560 12월  6 15:41 pack-2d4589494369cbf30fcd6f0c3e8b43c7148af51f.idx
-r--r--r-- 1 hong hong 4256090 12월  6 15:41 pack-2d4589494369cbf30fcd6f0c3e8b43c7148af51f.pack

./gamedev-bvh-loader-article/.git/refs:
total 12
drwxrwxr-x 2 hong hong 4096 12월  6 15:41 heads
drwxrwxr-x 3 hong hong 4096 12월  6 15:41 remotes
drwxrwxr-x 2 hong hong 4096 12월  6 15:41 tags

./gamedev-bvh-loader-article/.git/refs/heads:
total 4
-rw-rw-r-- 1 hong hong 41 12월  6 15:41 master

./gamedev-bvh-loader-article/.git/refs/remotes:
total 4
drwxrwxr-x 2 hong hong 4096 12월  6 15:41 origin

./gamedev-bvh-loader-article/.git/refs/remotes/origin:
total 4
-rw-rw-r-- 1 hong hong 32 12월  6 15:41 HEAD

./gamedev-bvh-loader-article/.git/refs/tags:
total 0

./gamedev-bvh-loader-article/lib:
total 16
-rw-rw-r-- 1 hong hong    0 12월  6 15:41 .gitkeep
drwxrwxr-x 2 hong hong 4096 12월  6 15:41 glew
drwxrwxr-x 5 hong hong 4096 12월  6 15:41 glew-1.13.0
drwxrwxr-x 2 hong hong 4096 12월  6 15:41 glfw
drwxrwxr-x 2 hong hong 4096 12월  6 15:41 glm

./gamedev-bvh-loader-article/lib/glew:
total 0

./gamedev-bvh-loader-article/lib/glew-1.13.0:
total 24
drwxrwxr-x 2 hong hong 4096 12월  6 15:41 doc
drwxrwxr-x 3 hong hong 4096 12월  6 15:41 include
drwxrwxr-x 4 hong hong 4096 12월  6 15:41 lib
-rw-rw-r-- 1 hong hong 3870 12월  6 15:41 LICENSE.txt
-rw-rw-r-- 1 hong hong  887 12월  6 15:41 README.txt
-rw-rw-r-- 1 hong hong  428 12월  6 15:41 TODO.txt

./gamedev-bvh-loader-article/lib/glew-1.13.0/doc:
total 288
-rw-rw-r-- 1 hong hong 11657 12월  6 15:41 advanced.html
-rw-rw-r-- 1 hong hong  9969 12월  6 15:41 basic.html
-rw-rw-r-- 1 hong hong  6795 12월  6 15:41 build.html
-rw-rw-r-- 1 hong hong  5626 12월  6 15:41 credits.html
-rw-rw-r-- 1 hong hong  1219 12월  6 15:41 github.png
-rw-rw-r-- 1 hong hong  3042 12월  6 15:41 glew.css
-rw-rw-r-- 1 hong hong 95367 12월  6 15:41 glew.html
-rw-rw-r-- 1 hong hong  9298 12월  6 15:41 glew.png
-rw-rw-r-- 1 hong hong  1639 12월  6 15:41 glew.txt
-rw-rw-r-- 1 hong hong 15007 12월  6 15:41 glxew.html
-rw-rw-r-- 1 hong hong 18329 12월  6 15:41 gpl.txt
-rw-rw-r-- 1 hong hong 12834 12월  6 15:41 index.html
-rw-rw-r-- 1 hong hong  9631 12월  6 15:41 install.html
-rw-rw-r-- 1 hong hong  1099 12월  6 15:41 khronos.txt
-rw-rw-r-- 1 hong hong 32164 12월  6 15:41 log.html
-rw-rw-r-- 1 hong hong  1124 12월  6 15:41 mesa.txt
-rw-rw-r-- 1 hong hong  1180 12월  6 15:41 new.png
-rw-rw-r-- 1 hong hong  1617 12월  6 15:41 ogl_sm.jpg
-rw-rw-r-- 1 hong hong 13389 12월  6 15:41 wglew.html

./gamedev-bvh-loader-article/lib/glew-1.13.0/include:
total 4
drwxrwxr-x 2 hong hong 4096 12월  6 15:41 GL

./gamedev-bvh-loader-article/lib/glew-1.13.0/include/GL:
total 1156
-rw-rw-r-- 1 hong hong 1038562 12월  6 15:41 glew.h
-rw-rw-r-- 1 hong hong   74912 12월  6 15:41 glxew.h
-rw-rw-r-- 1 hong hong   64836 12월  6 15:41 wglew.h

./gamedev-bvh-loader-article/lib/glew-1.13.0/lib:
total 8
drwxrwxr-x 4 hong hong 4096 12월  6 15:41 Release
drwxrwxr-x 4 hong hong 4096 12월  6 15:41 Release MX

./gamedev-bvh-loader-article/lib/glew-1.13.0/lib/Release:
total 8
drwxrwxr-x 2 hong hong 4096 12월  6 15:41 Win32
drwxrwxr-x 2 hong hong 4096 12월  6 15:41 x64

./gamedev-bvh-loader-article/lib/glew-1.13.0/lib/Release/Win32:
total 2660
-rw-rw-r-- 1 hong hong  619228 12월  6 15:41 glew32.lib
-rw-rw-r-- 1 hong hong 2098584 12월  6 15:41 glew32s.lib

./gamedev-bvh-loader-article/lib/glew-1.13.0/lib/Release/x64:
total 2760
-rw-rw-r-- 1 hong hong  609776 12월  6 15:41 glew32.lib
-rw-rw-r-- 1 hong hong 2214664 12월  6 15:41 glew32s.lib

./gamedev-bvh-loader-article/lib/glew-1.13.0/lib/Release MX:
total 8
drwxrwxr-x 2 hong hong 4096 12월  6 15:41 Win32
drwxrwxr-x 2 hong hong 4096 12월  6 15:41 x64

./gamedev-bvh-loader-article/lib/glew-1.13.0/lib/Release MX/Win32:
total 1520
-rw-rw-r-- 1 hong hong    3542 12월  6 15:41 glew32mx.lib
-rw-rw-r-- 1 hong hong 1551686 12월  6 15:41 glew32mxs.lib

./gamedev-bvh-loader-article/lib/glew-1.13.0/lib/Release MX/x64:
total 1640
-rw-rw-r-- 1 hong hong    3428 12월  6 15:41 glew32mx.lib
-rw-rw-r-- 1 hong hong 1672122 12월  6 15:41 glew32mxs.lib

./gamedev-bvh-loader-article/lib/glfw:
total 0

./gamedev-bvh-loader-article/lib/glm:
total 0

./gamedev-bvh-loader-article/projects:
total 16
-rwxrwxr-x 1 hong hong 1466 12월  6 15:41 base.pro
drwxrwxr-x 2 hong hong 4096 12월  6 15:41 bvh-loader
drwxrwxr-x 2 hong hong 4096 12월  6 15:41 glfw-example
drwxrwxr-x 2 hong hong 4096 12월  6 15:41 glfw-test1

./gamedev-bvh-loader-article/projects/bvh-loader:
total 12
-rw-rw-r-- 1 hong hong   61 12월  6 15:41 bvh-loader.pro
-rw-rw-r-- 1 hong hong 7985 12월  6 15:41 main.cpp

./gamedev-bvh-loader-article/projects/glfw-example:
total 8
-rw-rw-r-- 1 hong hong  284 12월  6 15:41 glfw-example.pro
-rwxrwxr-x 1 hong hong 1683 12월  6 15:41 main.cpp

./gamedev-bvh-loader-article/projects/glfw-test1:
total 16
-rw-rw-r-- 1 hong hong 7008 12월  6 15:41 deployment.pri
-rw-rw-r-- 1 hong hong 1972 12월  6 15:41 glfw-test1.pro
-rw-rw-r-- 1 hong hong  775 12월  6 15:41 main.cpp

./gamedev-bvh-loader-article/src:
total 32
-rw-rw-r-- 1 hong hong 1014 12월  6 15:41 camera.h
drwxrwxr-x 2 hong hong 4096 12월  6 15:41 klib
drwxrwxr-x 2 hong hong 4096 12월  6 15:41 libkbvh2
-rw-rw-r-- 1 hong hong 3885 12월  6 15:41 shader.cpp
-rw-rw-r-- 1 hong hong  907 12월  6 15:41 shader.h
-rw-rw-r-- 1 hong hong 4966 12월  6 15:41 window.cpp
-rw-rw-r-- 1 hong hong  976 12월  6 15:41 window.h

./gamedev-bvh-loader-article/src/klib:
total 8
-rw-rw-r-- 1 hong hong 3003 12월  6 15:41 logger.h
-rw-rw-r-- 1 hong hong  378 12월  6 15:41 thread.h

./gamedev-bvh-loader-article/src/libkbvh2:
total 20
-rw-rw-r-- 1 hong hong 10656 12월  6 15:41 bvh.cpp
-rw-rw-r-- 1 hong hong  2636 12월  6 15:41 bvh.h
-rw-rw-r-- 1 hong hong   605 12월  6 15:41 util.h

./IK:
total 128
-rw-rw-r-- 1 hong hong   313 12월  6 15:41 fs.fs
-rw-r--r-- 1 hong hong 99885 12월  6 15:41 glad.c
-rw-rw-r-- 1 hong hong 20088 12월  6 15:41 main.cpp
-rw-rw-r-- 1 hong hong   305 12월  6 15:41 vs.vs

./Include:
total 12
drwxrwxr-x 3 hong hong 4096 12월  6 15:41 Eigen
drwxrwxr-x 2 hong hong 4096 12월  6 15:41 glad
drwxrwxr-x 2 hong hong 4096 12월  6 15:41 KHR

./Include/Eigen:
total 140
-rw-r--r--  1 hong hong  1206 12월  6 15:41 Cholesky
-rw-r--r--  1 hong hong  1900 12월  6 15:41 CholmodSupport
-rw-r--r--  1 hong hong   694 12월  6 15:41 CMakeLists.txt
-rw-r--r--  1 hong hong 17961 12월  6 15:41 Core
-rw-r--r--  1 hong hong   122 12월  6 15:41 Dense
-rw-r--r--  1 hong hong    35 12월  6 15:41 Eigen
-rw-r--r--  1 hong hong  1822 12월  6 15:41 Eigenvalues
-rw-r--r--  1 hong hong  2050 12월  6 15:41 Geometry
-rw-r--r--  1 hong hong   874 12월  6 15:41 Householder
-rw-r--r--  1 hong hong  2083 12월  6 15:41 IterativeLinearSolvers
-rw-r--r--  1 hong hong   939 12월  6 15:41 Jacobi
-rw-r--r--  1 hong hong  1433 12월  6 15:41 LU
-rw-r--r--  1 hong hong   991 12월  6 15:41 MetisSupport
-rw-r--r--  1 hong hong  2483 12월  6 15:41 OrderingMethods
-rwxr-xr-x  1 hong hong  1116 12월  6 15:41 PardisoSupport
-rw-r--r--  1 hong hong  1676 12월  6 15:41 PaStiXSupport
-rw-r--r--  1 hong hong  1317 12월  6 15:41 QR
-rw-r--r--  1 hong hong   945 12월  6 15:41 QtAlignedMalloc
-rw-r--r--  1 hong hong   919 12월  6 15:41 Sparse
-rw-r--r--  1 hong hong  1371 12월  6 15:41 SparseCholesky
-rw-r--r--  1 hong hong  2240 12월  6 15:41 SparseCore
-rw-r--r--  1 hong hong  1713 12월  6 15:41 SparseLU
-rw-r--r--  1 hong hong  1222 12월  6 15:41 SparseQR
-rw-r--r--  1 hong hong  1162 12월  6 15:41 SPQRSupport
drwxrwxr-x 27 hong hong  4096 12월  6 15:41 src
-rw-r--r--  1 hong hong   797 12월  6 15:41 StdDeque
-rw-r--r--  1 hong hong   726 12월  6 15:41 StdList
-rw-r--r--  1 hong hong   803 12월  6 15:41 StdVector
-rw-r--r--  1 hong hong  2243 12월  6 15:41 SuperLUSupport
-rw-r--r--  1 hong hong  1629 12월  6 15:41 SVD
-rw-r--r--  1 hong hong  1382 12월  6 15:41 UmfPackSupport

./Include/Eigen/src:
total 100
drwxrwxr-x 2 hong hong 4096 12월  6 15:41 Cholesky
drwxrwxr-x 2 hong hong 4096 12월  6 15:41 CholmodSupport
drwxrwxr-x 6 hong hong 4096 12월  6 15:41 Core
drwxrwxr-x 2 hong hong 4096 12월  6 15:41 Eigenvalues
drwxrwxr-x 3 hong hong 4096 12월  6 15:41 Geometry
drwxrwxr-x 2 hong hong 4096 12월  6 15:41 Householder
drwxrwxr-x 2 hong hong 4096 12월  6 15:41 IterativeLinearSolvers
drwxrwxr-x 2 hong hong 4096 12월  6 15:41 Jacobi
drwxrwxr-x 3 hong hong 4096 12월  6 15:41 LU
drwxrwxr-x 2 hong hong 4096 12월  6 15:41 MetisSupport
drwxrwxr-x 2 hong hong 4096 12월  6 15:41 misc
drwxrwxr-x 2 hong hong 4096 12월  6 15:41 OrderingMethods
drwxrwxr-x 2 hong hong 4096 12월  6 15:41 PardisoSupport
drwxrwxr-x 2 hong hong 4096 12월  6 15:41 PaStiXSupport
drwxrwxr-x 2 hong hong 4096 12월  6 15:41 plugins
drwxrwxr-x 2 hong hong 4096 12월  6 15:41 QR
drwxrwxr-x 2 hong hong 4096 12월  6 15:41 SparseCholesky
drwxrwxr-x 2 hong hong 4096 12월  6 15:41 SparseCore
drwxrwxr-x 2 hong hong 4096 12월  6 15:41 SparseLU
drwxrwxr-x 2 hong hong 4096 12월  6 15:41 SparseQR
drwxrwxr-x 2 hong hong 4096 12월  6 15:41 SPQRSupport
drwxrwxr-x 2 hong hong 4096 12월  6 15:41 StlSupport
drwxrwxr-x 2 hong hong 4096 12월  6 15:41 SuperLUSupport
drwxrwxr-x 2 hong hong 4096 12월  6 15:41 SVD
drwxrwxr-x 2 hong hong 4096 12월  6 15:41 UmfPackSupport

./Include/Eigen/src/Cholesky:
total 48
-rw-r--r-- 1 hong hong 24480 12월  6 15:41 LDLT.h
-rw-r--r-- 1 hong hong 18395 12월  6 15:41 LLT.h
-rw-r--r-- 1 hong hong  3974 12월  6 15:41 LLT_LAPACKE.h

./Include/Eigen/src/CholmodSupport:
total 24
-rw-r--r-- 1 hong hong 22307 12월  6 15:41 CholmodSupport.h

./Include/Eigen/src/Core:
total 1032
drwxrwxr-x 10 hong hong  4096 12월  6 15:41 arch
-rw-r--r--  1 hong hong  8179 12월  6 15:41 ArrayBase.h
-rw-r--r--  1 hong hong 12115 12월  6 15:41 Array.h
-rw-r--r--  1 hong hong  6775 12월  6 15:41 ArrayWrapper.h
-rw-r--r--  1 hong hong 38153 12월  6 15:41 AssignEvaluator.h
-rw-r--r--  1 hong hong  2720 12월  6 15:41 Assign.h
-rwxr-xr-x  1 hong hong 12479 12월  6 15:41 Assign_MKL.h
-rw-r--r--  1 hong hong 13910 12월  6 15:41 BandMatrix.h
-rw-r--r--  1 hong hong 18064 12월  6 15:41 Block.h
-rw-r--r--  1 hong hong  4249 12월  6 15:41 BooleanRedux.h
-rw-r--r--  1 hong hong  5689 12월  6 15:41 CommaInitializer.h
-rw-r--r--  1 hong hong  6990 12월  6 15:41 ConditionEstimator.h
-rw-r--r--  1 hong hong 62197 12월  6 15:41 CoreEvaluators.h
-rw-r--r--  1 hong hong  4525 12월  6 15:41 CoreIterators.h
-rw-r--r--  1 hong hong  7593 12월  6 15:41 CwiseBinaryOp.h
-rw-r--r--  1 hong hong 31424 12월  6 15:41 CwiseNullaryOp.h
-rw-r--r--  1 hong hong  8256 12월  6 15:41 CwiseTernaryOp.h
-rw-r--r--  1 hong hong  3877 12월  6 15:41 CwiseUnaryOp.h
-rw-r--r--  1 hong hong  5282 12월  6 15:41 CwiseUnaryView.h
-rw-r--r--  1 hong hong 27420 12월  6 15:41 DenseBase.h
-rw-r--r--  1 hong hong 24212 12월  6 15:41 DenseCoeffsBase.h
-rw-r--r--  1 hong hong 21959 12월  6 15:41 DenseStorage.h
-rw-r--r--  1 hong hong  9597 12월  6 15:41 Diagonal.h
-rw-r--r--  1 hong hong 12666 12월  6 15:41 DiagonalMatrix.h
-rw-r--r--  1 hong hong   970 12월  6 15:41 DiagonalProduct.h
-rw-r--r--  1 hong hong 11507 12월  6 15:41 Dot.h
-rw-r--r--  1 hong hong  5619 12월  6 15:41 EigenBase.h
-rw-r--r--  1 hong hong  4769 12월  6 15:41 ForceAlignedAccess.h
drwxrwxr-x  2 hong hong  4096 12월  6 15:41 functors
-rw-r--r--  1 hong hong  5705 12월  6 15:41 Fuzzy.h
-rw-r--r--  1 hong hong 21123 12월  6 15:41 GeneralProduct.h
-rw-r--r--  1 hong hong 22185 12월  6 15:41 GenericPacketMath.h
-rw-r--r--  1 hong hong 10222 12월  6 15:41 GlobalFunctions.h
-rw-r--r--  1 hong hong  3519 12월  6 15:41 Inverse.h
-rw-r--r--  1 hong hong  7076 12월  6 15:41 IO.h
-rw-r--r--  1 hong hong 10991 12월  6 15:41 MapBase.h
-rw-r--r--  1 hong hong  7239 12월  6 15:41 Map.h
-rw-r--r--  1 hong hong 40865 12월  6 15:41 MathFunctions.h
-rw-r--r--  1 hong hong  3369 12월  6 15:41 MathFunctionsImpl.h
-rw-r--r--  1 hong hong 23213 12월  6 15:41 MatrixBase.h
-rw-r--r--  1 hong hong 19067 12월  6 15:41 Matrix.h
-rw-r--r--  1 hong hong  3400 12월  6 15:41 NestByValue.h
-rw-r--r--  1 hong hong  3582 12월  6 15:41 NoAlias.h
-rw-r--r--  1 hong hong  9234 12월  6 15:41 NumTraits.h
-rw-r--r--  1 hong hong 21646 12월  6 15:41 PermutationMatrix.h
-rw-r--r--  1 hong hong 45180 12월  6 15:41 PlainObjectBase.h
-rw-r--r--  1 hong hong 49497 12월  6 15:41 ProductEvaluators.h
-rw-r--r--  1 hong hong  7235 12월  6 15:41 Product.h
drwxrwxr-x  2 hong hong  4096 12월  6 15:41 products
-rw-r--r--  1 hong hong  6379 12월  6 15:41 Random.h
-rw-r--r--  1 hong hong 17852 12월  6 15:41 Redux.h
-rw-r--r--  1 hong hong 12800 12월  6 15:41 Ref.h
-rw-r--r--  1 hong hong  5595 12월  6 15:41 Replicate.h
-rw-r--r--  1 hong hong  4200 12월  6 15:41 ReturnByValue.h
-rw-r--r--  1 hong hong  7073 12월  6 15:41 Reverse.h
-rw-r--r--  1 hong hong  6020 12월  6 15:41 Select.h
-rw-r--r--  1 hong hong 14245 12월  6 15:41 SelfAdjointView.h
-rw-r--r--  1 hong hong  1697 12월  6 15:41 SelfCwiseBinaryOp.h
-rw-r--r--  1 hong hong  6795 12월  6 15:41 Solve.h
-rw-r--r--  1 hong hong  4365 12월  6 15:41 SolverBase.h
-rw-r--r--  1 hong hong  9136 12월  6 15:41 SolveTriangular.h
-rw-r--r--  1 hong hong  7692 12월  6 15:41 StableNorm.h
-rw-r--r--  1 hong hong  3865 12월  6 15:41 Stride.h
-rw-r--r--  1 hong hong  2683 12월  6 15:41 Swap.h
-rw-r--r--  1 hong hong 14777 12월  6 15:41 Transpose.h
-rw-r--r--  1 hong hong 14386 12월  6 15:41 Transpositions.h
-rw-r--r--  1 hong hong 37234 12월  6 15:41 TriangularMatrix.h
drwxrwxr-x  2 hong hong  4096 12월  6 15:41 util
-rw-r--r--  1 hong hong  3462 12월  6 15:41 VectorBlock.h
-rw-r--r--  1 hong hong 29441 12월  6 15:41 VectorwiseOp.h
-rw-r--r--  1 hong hong  8074 12월  6 15:41 Visitor.h

./Include/Eigen/src/Core/arch:
total 32
drwxrwxr-x 2 hong hong 4096 12월  6 15:41 AltiVec
drwxrwxr-x 2 hong hong 4096 12월  6 15:41 AVX
drwxrwxr-x 2 hong hong 4096 12월  6 15:41 AVX512
drwxrwxr-x 2 hong hong 4096 12월  6 15:41 CUDA
drwxrwxr-x 2 hong hong 4096 12월  6 15:41 Default
drwxrwxr-x 2 hong hong 4096 12월  6 15:41 NEON
drwxrwxr-x 2 hong hong 4096 12월  6 15:41 SSE
drwxrwxr-x 2 hong hong 4096 12월  6 15:41 ZVector

./Include/Eigen/src/Core/arch/AltiVec:
total 72
-rw-r--r-- 1 hong hong 16443 12월  6 15:41 Complex.h
-rw-r--r-- 1 hong hong 10797 12월  6 15:41 MathFunctions.h
-rwxr-xr-x 1 hong hong 37671 12월  6 15:41 PacketMath.h

./Include/Eigen/src/Core/arch/AVX:
total 72
-rw-r--r-- 1 hong hong 18037 12월  6 15:41 Complex.h
-rw-r--r-- 1 hong hong 17776 12월  6 15:41 MathFunctions.h
-rw-r--r-- 1 hong hong 27841 12월  6 15:41 PacketMath.h
-rw-r--r-- 1 hong hong  1194 12월  6 15:41 TypeCasting.h

./Include/Eigen/src/Core/arch/AVX512:
total 68
-rw-r--r-- 1 hong hong 15733 12월  6 15:41 MathFunctions.h
-rw-r--r-- 1 hong hong 50985 12월  6 15:41 PacketMath.h

./Include/Eigen/src/Core/arch/CUDA:
total 92
-rw-r--r-- 1 hong hong  4240 12월  6 15:41 Complex.h
-rw-r--r-- 1 hong hong 23528 12월  6 15:41 Half.h
-rw-r--r-- 1 hong hong  2387 12월  6 15:41 MathFunctions.h
-rw-r--r-- 1 hong hong 10744 12월  6 15:41 PacketMath.h
-rw-r--r-- 1 hong hong 35538 12월  6 15:41 PacketMathHalf.h
-rw-r--r-- 1 hong hong  5509 12월  6 15:41 TypeCasting.h

./Include/Eigen/src/Core/arch/Default:
total 8
-rw-r--r-- 1 hong hong 1989 12월  6 15:41 ConjHelper.h
-rw-r--r-- 1 hong hong 1746 12월  6 15:41 Settings.h

./Include/Eigen/src/Core/arch/NEON:
total 56
-rw-r--r-- 1 hong hong 17706 12월  6 15:41 Complex.h
-rw-r--r-- 1 hong hong  2846 12월  6 15:41 MathFunctions.h
-rw-r--r-- 1 hong hong 28726 12월  6 15:41 PacketMath.h

./Include/Eigen/src/Core/arch/SSE:
total 80
-rw-r--r-- 1 hong hong 19426 12월  6 15:41 Complex.h
-rw-r--r-- 1 hong hong 18888 12월  6 15:41 MathFunctions.h
-rwxr-xr-x 1 hong hong 35843 12월  6 15:41 PacketMath.h
-rw-r--r-- 1 hong hong  1759 12월  6 15:41 TypeCasting.h

./Include/Eigen/src/Core/arch/ZVector:
total 56
-rw-r--r-- 1 hong hong 15366 12월  6 15:41 Complex.h
-rw-r--r-- 1 hong hong  4418 12월  6 15:41 MathFunctions.h
-rwxr-xr-x 1 hong hong 32283 12월  6 15:41 PacketMath.h

./Include/Eigen/src/Core/functors:
total 80
-rw-r--r-- 1 hong hong  6284 12월  6 15:41 AssignmentFunctors.h
-rw-r--r-- 1 hong hong 18263 12월  6 15:41 BinaryFunctors.h
-rw-r--r-- 1 hong hong  8229 12월  6 15:41 NullaryFunctors.h
-rw-r--r-- 1 hong hong  4400 12월  6 15:41 StlFunctors.h
-rw-r--r-- 1 hong hong   607 12월  6 15:41 TernaryFunctors.h
-rw-r--r-- 1 hong hong 27944 12월  6 15:41 UnaryFunctors.h

./Include/Eigen/src/Core/products:
total 336
-rw-r--r-- 1 hong hong 81534 12월  6 15:41 GeneralBlockPanelKernel.h
-rw-r--r-- 1 hong hong  5017 12월  6 15:41 GeneralMatrixMatrix_BLAS.h
-rw-r--r-- 1 hong hong 18478 12월  6 15:41 GeneralMatrixMatrix.h
-rw-r--r-- 1 hong hong  6907 12월  6 15:41 GeneralMatrixMatrixTriangular_BLAS.h
-rw-r--r-- 1 hong hong 15188 12월  6 15:41 GeneralMatrixMatrixTriangular.h
-rw-r--r-- 1 hong hong  6368 12월  6 15:41 GeneralMatrixVector_BLAS.h
-rw-r--r-- 1 hong hong 26808 12월  6 15:41 GeneralMatrixVector.h
-rw-r--r-- 1 hong hong  4905 12월  6 15:41 Parallelizer.h
-rw-r--r-- 1 hong hong 11198 12월  6 15:41 SelfadjointMatrixMatrix_BLAS.h
-rw-r--r-- 1 hong hong 19632 12월  6 15:41 SelfadjointMatrixMatrix.h
-rw-r--r-- 1 hong hong  5209 12월  6 15:41 SelfadjointMatrixVector_BLAS.h
-rw-r--r-- 1 hong hong  9901 12월  6 15:41 SelfadjointMatrixVector.h
-rw-r--r-- 1 hong hong  6105 12월  6 15:41 SelfadjointProduct.h
-rw-r--r-- 1 hong hong  4066 12월  6 15:41 SelfadjointRank2Update.h
-rw-r--r-- 1 hong hong 13743 12월  6 15:41 TriangularMatrixMatrix_BLAS.h
-rw-r--r-- 1 hong hong 20403 12월  6 15:41 TriangularMatrixMatrix.h
-rw-r--r-- 1 hong hong 10571 12월  6 15:41 TriangularMatrixVector_BLAS.h
-rw-r--r-- 1 hong hong 14722 12월  6 15:41 TriangularMatrixVector.h
-rw-r--r-- 1 hong hong  6513 12월  6 15:41 TriangularSolverMatrix_BLAS.h
-rw-r--r-- 1 hong hong 13979 12월  6 15:41 TriangularSolverMatrix.h
-rw-r--r-- 1 hong hong  5741 12월  6 15:41 TriangularSolverVector.h

./Include/Eigen/src/Core/util:
total 220
-rwxr-xr-x 1 hong hong 15722 12월  6 15:41 BlasUtil.h
-rw-r--r-- 1 hong hong 21579 12월  6 15:41 Constants.h
-rwxr-xr-x 1 hong hong  3981 12월  6 15:41 DisableStupidWarnings.h
-rw-r--r-- 1 hong hong 14150 12월  6 15:41 ForwardDeclarations.h
-rw-r--r-- 1 hong hong 36570 12월  6 15:41 Macros.h
-rw-r--r-- 1 hong hong 40579 12월  6 15:41 Memory.h
-rwxr-xr-x 1 hong hong 20586 12월  6 15:41 Meta.h
-rwxr-xr-x 1 hong hong  4026 12월  6 15:41 MKL_support.h
-rw-r--r-- 1 hong hong    85 12월  6 15:41 NonMPL2.h
-rw-r--r-- 1 hong hong   856 12월  6 15:41 ReenableStupidWarnings.h
-rw-r--r-- 1 hong hong 10518 12월  6 15:41 StaticAssert.h
-rw-r--r-- 1 hong hong 34198 12월  6 15:41 XprHelper.h

./Include/Eigen/src/Eigenvalues:
total 240
-rw-r--r-- 1 hong hong 12558 12월  6 15:41 ComplexEigenSolver.h
-rw-r--r-- 1 hong hong 17021 12월  6 15:41 ComplexSchur.h
-rw-r--r-- 1 hong hong  4178 12월  6 15:41 ComplexSchur_LAPACKE.h
-rw-r--r-- 1 hong hong 22944 12월  6 15:41 EigenSolver.h
-rw-r--r-- 1 hong hong 17176 12월  6 15:41 GeneralizedEigenSolver.h
-rw-r--r-- 1 hong hong  9715 12월  6 15:41 GeneralizedSelfAdjointEigenSolver.h
-rw-r--r-- 1 hong hong 14351 12월  6 15:41 HessenbergDecomposition.h
-rw-r--r-- 1 hong hong  5539 12월  6 15:41 MatrixBaseEigenvalues.h
-rw-r--r-- 1 hong hong 23586 12월  6 15:41 RealQZ.h
-rw-r--r-- 1 hong hong 20288 12월  6 15:41 RealSchur.h
-rw-r--r-- 1 hong hong  3650 12월  6 15:41 RealSchur_LAPACKE.h
-rw-r--r-- 1 hong hong 33674 12월  6 15:41 SelfAdjointEigenSolver.h
-rw-r--r-- 1 hong hong  4104 12월  6 15:41 SelfAdjointEigenSolver_LAPACKE.h
-rw-r--r-- 1 hong hong 22444 12월  6 15:41 Tridiagonalization.h

./Include/Eigen/src/Geometry:
total 228
-rw-r--r-- 1 hong hong 14815 12월  6 15:41 AlignedBox.h
-rw-r--r-- 1 hong hong  8423 12월  6 15:41 AngleAxis.h
drwxrwxr-x 2 hong hong  4096 12월  6 15:41 arch
-rw-r--r-- 1 hong hong  3639 12월  6 15:41 EulerAngles.h
-rw-r--r-- 1 hong hong 20539 12월  6 15:41 Homogeneous.h
-rw-r--r-- 1 hong hong 11961 12월  6 15:41 Hyperplane.h
-rw-r--r-- 1 hong hong  8949 12월  6 15:41 OrthoMethods.h
-rw-r--r-- 1 hong hong  8308 12월  6 15:41 ParametrizedLine.h
-rw-r--r-- 1 hong hong 32152 12월  6 15:41 Quaternion.h
-rw-r--r-- 1 hong hong  6877 12월  6 15:41 Rotation2D.h
-rw-r--r-- 1 hong hong  8063 12월  6 15:41 RotationBase.h
-rwxr-xr-x 1 hong hong  6324 12월  6 15:41 Scaling.h
-rw-r--r-- 1 hong hong 60514 12월  6 15:41 Transform.h
-rw-r--r-- 1 hong hong  7773 12월  6 15:41 Translation.h
-rw-r--r-- 1 hong hong  6191 12월  6 15:41 Umeyama.h

./Include/Eigen/src/Geometry/arch:
total 8
-rw-r--r-- 1 hong hong 5387 12월  6 15:41 Geometry_SSE.h

./Include/Eigen/src/Householder:
total 40
-rw-r--r-- 1 hong hong  4481 12월  6 15:41 BlockHouseholder.h
-rw-r--r-- 1 hong hong  5345 12월  6 15:41 Householder.h
-rw-r--r-- 1 hong hong 20603 12월  6 15:41 HouseholderSequence.h

./Include/Eigen/src/IterativeLinearSolvers:
total 88
-rw-r--r-- 1 hong hong  6755 12월  6 15:41 BasicPreconditioners.h
-rw-r--r-- 1 hong hong  7253 12월  6 15:41 BiCGSTAB.h
-rw-r--r-- 1 hong hong  9289 12월  6 15:41 ConjugateGradient.h
-rw-r--r-- 1 hong hong 15062 12월  6 15:41 IncompleteCholesky.h
-rw-r--r-- 1 hong hong 15234 12월  6 15:41 IncompleteLUT.h
-rw-r--r-- 1 hong hong 11527 12월  6 15:41 IterativeSolverBase.h
-rw-r--r-- 1 hong hong  7762 12월  6 15:41 LeastSquareConjugateGradient.h
-rw-r--r-- 1 hong hong  4158 12월  6 15:41 SolveWithGuess.h

./Include/Eigen/src/Jacobi:
total 16
-rw-r--r-- 1 hong hong 15902 12월  6 15:41 Jacobi.h

./Include/Eigen/src/LU:
total 88
drwxrwxr-x 2 hong hong  4096 12월  6 15:41 arch
-rw-r--r-- 1 hong hong  3057 12월  6 15:41 Determinant.h
-rw-r--r-- 1 hong hong 32803 12월  6 15:41 FullPivLU.h
-rw-r--r-- 1 hong hong 15064 12월  6 15:41 InverseImpl.h
-rw-r--r-- 1 hong hong 21478 12월  6 15:41 PartialPivLU.h
-rw-r--r-- 1 hong hong  3555 12월  6 15:41 PartialPivLU_LAPACKE.h

./Include/Eigen/src/LU/arch:
total 16
-rw-r--r-- 1 hong hong 13669 12월  6 15:41 Inverse_SSE.h

./Include/Eigen/src/MetisSupport:
total 8
-rw-r--r-- 1 hong hong 4588 12월  6 15:41 MetisSupport.h

./Include/Eigen/src/misc:
total 1092
-rw-r--r-- 1 hong hong   30560 12월  6 15:41 blas.h
-rw-r--r-- 1 hong hong    2913 12월  6 15:41 Image.h
-rw-r--r-- 1 hong hong    2742 12월  6 15:41 Kernel.h
-rwxr-xr-x 1 hong hong 1058368 12월  6 15:41 lapacke.h
-rw-r--r-- 1 hong hong     474 12월  6 15:41 lapacke_mangling.h
-rw-r--r-- 1 hong hong    7834 12월  6 15:41 lapack.h
-rw-r--r-- 1 hong hong    1748 12월  6 15:41 RealSvd2x2.h

./Include/Eigen/src/OrderingMethods:
total 92
-rw-r--r-- 1 hong hong 16396 12월  6 15:41 Amd.h
-rw-r--r-- 1 hong hong 62266 12월  6 15:41 Eigen_Colamd.h
-rw-r--r-- 1 hong hong  5229 12월  6 15:41 Ordering.h

./Include/Eigen/src/PardisoSupport:
total 20
-rw-r--r-- 1 hong hong 20032 12월  6 15:41 PardisoSupport.h

./Include/Eigen/src/PaStiXSupport:
total 24
-rw-r--r-- 1 hong hong 22248 12월  6 15:41 PaStiXSupport.h

./Include/Eigen/src/plugins:
total 104
-rw-r--r-- 1 hong hong 13132 12월  6 15:41 ArrayCwiseBinaryOps.h
-rw-r--r-- 1 hong hong 16929 12월  6 15:41 ArrayCwiseUnaryOps.h
-rw-r--r-- 1 hong hong 37403 12월  6 15:41 BlockMethods.h
-rw-r--r-- 1 hong hong  4828 12월  6 15:41 CommonCwiseBinaryOps.h
-rw-r--r-- 1 hong hong  5621 12월  6 15:41 CommonCwiseUnaryOps.h
-rw-r--r-- 1 hong hong  6375 12월  6 15:41 MatrixCwiseBinaryOps.h
-rw-r--r-- 1 hong hong  2937 12월  6 15:41 MatrixCwiseUnaryOps.h

./Include/Eigen/src/QR:
total 108
-rw-r--r-- 1 hong hong 24881 12월  6 15:41 ColPivHouseholderQR.h
-rw-r--r-- 1 hong hong  4662 12월  6 15:41 ColPivHouseholderQR_LAPACKE.h
-rw-r--r-- 1 hong hong 20805 12월  6 15:41 CompleteOrthogonalDecomposition.h
-rw-r--r-- 1 hong hong 25478 12월  6 15:41 FullPivHouseholderQR.h
-rw-r--r-- 1 hong hong 14022 12월  6 15:41 HouseholderQR.h
-rw-r--r-- 1 hong hong  2993 12월  6 15:41 HouseholderQR_LAPACKE.h

./Include/Eigen/src/SparseCholesky:
total 32
-rw-r--r-- 1 hong hong 24010 12월  6 15:41 SimplicialCholesky.h
-rw-r--r-- 1 hong hong  6898 12월  6 15:41 SimplicialCholesky_impl.h

./Include/Eigen/src/SparseCore:
total 396
-rw-r--r-- 1 hong hong 10537 12월  6 15:41 AmbiVector.h
-rw-r--r-- 1 hong hong  8164 12월  6 15:41 CompressedStorage.h
-rw-r--r-- 1 hong hong 13178 12월  6 15:41 ConservativeSparseSparseProduct.h
-rw-r--r-- 1 hong hong  2191 12월  6 15:41 MappedSparseMatrix.h
-rw-r--r-- 1 hong hong  8080 12월  6 15:41 SparseAssign.h
-rw-r--r-- 1 hong hong 25592 12월  6 15:41 SparseBlock.h
-rw-r--r-- 1 hong hong  6485 12월  6 15:41 SparseColEtree.h
-rw-r--r-- 1 hong hong 12720 12월  6 15:41 SparseCompressedBase.h
-rw-r--r-- 1 hong hong 25840 12월  6 15:41 SparseCwiseBinaryOp.h
-rw-r--r-- 1 hong hong  4711 12월  6 15:41 SparseCwiseUnaryOp.h
-rw-r--r-- 1 hong hong 12487 12월  6 15:41 SparseDenseProduct.h
-rw-r--r-- 1 hong hong  5808 12월  6 15:41 SparseDiagonalProduct.h
-rw-r--r-- 1 hong hong  3080 12월  6 15:41 SparseDot.h
-rw-r--r-- 1 hong hong  1107 12월  6 15:41 SparseFuzzy.h
-rw-r--r-- 1 hong hong 12589 12월  6 15:41 SparseMap.h
-rw-r--r-- 1 hong hong 17923 12월  6 15:41 SparseMatrixBase.h
-rw-r--r-- 1 hong hong 52373 12월  6 15:41 SparseMatrix.h
-rw-r--r-- 1 hong hong  7329 12월  6 15:41 SparsePermutation.h
-rw-r--r-- 1 hong hong  7049 12월  6 15:41 SparseProduct.h
-rw-r--r-- 1 hong hong  1699 12월  6 15:41 SparseRedux.h
-rw-r--r-- 1 hong hong 15492 12월  6 15:41 SparseRef.h
-rw-r--r-- 1 hong hong 25715 12월  6 15:41 SparseSelfAdjointView.h
-rw-r--r-- 1 hong hong  4424 12월  6 15:41 SparseSolverBase.h
-rw-r--r-- 1 hong hong  8704 12월  6 15:41 SparseSparseProductWithPruning.h
-rw-r--r-- 1 hong hong  3175 12월  6 15:41 SparseTranspose.h
-rw-r--r-- 1 hong hong  6437 12월  6 15:41 SparseTriangularView.h
-rw-r--r-- 1 hong hong  6602 12월  6 15:41 SparseUtil.h
-rw-r--r-- 1 hong hong 14831 12월  6 15:41 SparseVector.h
-rw-r--r-- 1 hong hong  8110 12월  6 15:41 SparseView.h
-rw-r--r-- 1 hong hong  9657 12월  6 15:41 TriangularSolver.h

./Include/Eigen/src/SparseLU:
total 160
-rw-r--r-- 1 hong hong  6712 12월  6 15:41 SparseLU_column_bmod.h
-rw-r--r-- 1 hong hong  6582 12월  6 15:41 SparseLU_column_dfs.h
-rw-r--r-- 1 hong hong  3681 12월  6 15:41 SparseLU_copy_to_ucol.h
-rw-r--r-- 1 hong hong 10216 12월  6 15:41 SparseLU_gemm_kernel.h
-rw-r--r-- 1 hong hong 27866 12월  6 15:41 SparseLU.h
-rw-r--r-- 1 hong hong  4181 12월  6 15:41 SparseLU_heap_relax_snode.h
-rw-r--r-- 1 hong hong  4303 12월  6 15:41 SparseLUImpl.h
-rw-r--r-- 1 hong hong  5723 12월  6 15:41 SparseLU_kernel_bmod.h
-rw-r--r-- 1 hong hong  7601 12월  6 15:41 SparseLU_Memory.h
-rw-r--r-- 1 hong hong  8486 12월  6 15:41 SparseLU_panel_bmod.h
-rw-r--r-- 1 hong hong  9028 12월  6 15:41 SparseLU_panel_dfs.h
-rw-r--r-- 1 hong hong  4979 12월  6 15:41 SparseLU_pivotL.h
-rw-r--r-- 1 hong hong  4545 12월  6 15:41 SparseLU_pruneL.h
-rw-r--r-- 1 hong hong  2889 12월  6 15:41 SparseLU_relax_snode.h
-rw-r--r-- 1 hong hong  4974 12월  6 15:41 SparseLU_Structs.h
-rw-r--r-- 1 hong hong 10022 12월  6 15:41 SparseLU_SupernodalMatrix.h
-rw-r--r-- 1 hong hong  2049 12월  6 15:41 SparseLU_Utils.h

./Include/Eigen/src/SparseQR:
total 28
-rw-r--r-- 1 hong hong 28373 12월  6 15:41 SparseQR.h

./Include/Eigen/src/SPQRSupport:
total 12
-rw-r--r-- 1 hong hong 11405 12월  6 15:41 SuiteSparseQRSupport.h

./Include/Eigen/src/StlSupport:
total 28
-rw-r--r-- 1 hong hong 2809 12월  6 15:41 details.h
-rw-r--r-- 1 hong hong 5117 12월  6 15:41 StdDeque.h
-rw-r--r-- 1 hong hong 4147 12월  6 15:41 StdList.h
-rw-r--r-- 1 hong hong 5330 12월  6 15:41 StdVector.h

./Include/Eigen/src/SuperLUSupport:
total 36
-rw-r--r-- 1 hong hong 34345 12월  6 15:41 SuperLUSupport.h

./Include/Eigen/src/SVD:
total 124
-rw-r--r-- 1 hong hong 48778 12월  6 15:41 BDCSVD.h
-rw-r--r-- 1 hong hong 32949 12월  6 15:41 JacobiSVD.h
-rw-r--r-- 1 hong hong  5099 12월  6 15:41 JacobiSVD_LAPACKE.h
-rw-r--r-- 1 hong hong 12740 12월  6 15:41 SVDBase.h
-rw-r--r-- 1 hong hong 15957 12월  6 15:41 UpperBidiagonalization.h

./Include/Eigen/src/UmfPackSupport:
total 20
-rw-r--r-- 1 hong hong 17202 12월  6 15:41 UmfPackSupport.h

./Include/glad:
total 180
-rw-r--r-- 1 hong hong 180834 12월  6 15:41 glad.h

./Include/KHR:
total 12
-rw-r--r-- 1 hong hong 10277 12월  6 15:41 khrplatform.h

./modelloader:
total 20
-rw-rw-r-- 1 hong hong  170 12월  6 15:41 fs.fs
-rw-rw-r-- 1 hong hong 9308 12월  6 15:41 main.cpp
-rw-rw-r-- 1 hong hong  333 12월  6 15:41 vs.vs

./motion:
total 124
-rw-rw-r-- 1 hong hong   313 12월  6 15:41 fs.fs
-rw-r--r-- 1 hong hong 99885 12월  6 15:41 glad.c
-rw-rw-r-- 1 hong hong 14846 12월  6 15:41 main.cpp
-rw-rw-r-- 1 hong hong   305 12월  6 15:41 vs.vs

./obj:
total 324
drwxrwxr-x 2 hong hong   4096 12월  6 15:41 2d_hole
-rw-rw-r-- 1 hong hong  42447 12월  6 15:41 awesomeface.png
-rw-rw-r-- 1 hong hong  75789 12월  6 15:41 BLACK.jpg
-rw-rw-r-- 1 hong hong 184939 12월  6 15:41 container.jpg
drwxrwxr-x 2 hong hong   4096 12월  6 15:41 cylinder
drwxrwxr-x 2 hong hong   4096 12월  6 15:41 peg
drwxrwxr-x 2 hong hong   4096 12월  6 15:41 sphere
drwxrwxr-x 2 hong hong   4096 12월  6 15:41 unit_sphere

./obj/2d_hole:
total 692
-rw-rw-r-- 1 hong hong    310 12월  6 15:41 2d_hole_large_gap_v3.mtl
-rw-rw-r-- 1 hong hong 351509 12월  6 15:41 2d_hole_large_gap_v3.obj
-rw-rw-r-- 1 hong hong 349680 12월  6 15:41 uvmap.DDS

./obj/cylinder:
total 16
-rw-rw-r-- 1 hong hong  124 12월  6 15:41 cylinder.mtl
-rw-rw-r-- 1 hong hong 9174 12월  6 15:41 cylinder.obj

./obj/peg:
total 2480
-rw-rw-r-- 1 hong hong     559 12월  6 15:41 assy_peg_FT.mtl
-rw-rw-r-- 1 hong hong 2531815 12월  6 15:41 assy_peg_FT.obj

./obj/sphere:
total 80
-rw-rw-r-- 1 hong hong   124 12월  6 15:41 sphere.mtl
-rw-rw-r-- 1 hong hong 74763 12월  6 15:41 sphere.obj

./obj/unit_sphere:
total 564
-rw-rw-r-- 1 hong hong    321 12월  6 15:41 unit_sphere.mtl
-rw-rw-r-- 1 hong hong 572339 12월  6 15:41 unit_sphere.obj

./.vscode:
total 12
-rw-rw-r-- 1 hong hong  426 12월  6 15:41 c_cpp_properties.json
-rw-rw-r-- 1 hong hong 1648 12월  6 15:41 settings.json
-rw-rw-r-- 1 hong hong  277 12월  6 15:41 tasks.json
